{"C:\\Users\\apham\\Assignment4\\src\\data-source.ts": {"path":"C:\\Users\\apham\\Assignment4\\src\\data-source.ts","statementMap":{"0":{"start":{"line":1,"column":0},"end":{"line":1,"column":25}},"1":{"start":{"line":2,"column":0},"end":{"line":2,"column":36}},"2":{"start":{"line":4,"column":0},"end":{"line":4,"column":44}},"3":{"start":{"line":5,"column":0},"end":{"line":5,"column":52}},"4":{"start":{"line":6,"column":0},"end":{"line":6,"column":46}},"5":{"start":{"line":7,"column":0},"end":{"line":7,"column":52}},"6":{"start":{"line":8,"column":0},"end":{"line":8,"column":54}},"7":{"start":{"line":9,"column":0},"end":{"line":9,"column":60}},"8":{"start":{"line":10,"column":0},"end":{"line":10,"column":54}},"9":{"start":{"line":11,"column":0},"end":{"line":11,"column":48}},"10":{"start":{"line":12,"column":0},"end":{"line":12,"column":50}},"11":{"start":{"line":13,"column":0},"end":{"line":13,"column":46}},"12":{"start":{"line":14,"column":0},"end":{"line":14,"column":46}},"13":{"start":{"line":15,"column":0},"end":{"line":15,"column":52}},"14":{"start":{"line":16,"column":0},"end":{"line":16,"column":50}},"15":{"start":{"line":17,"column":0},"end":{"line":17,"column":44}},"16":{"start":{"line":18,"column":0},"end":{"line":18,"column":50}},"17":{"start":{"line":21,"column":13},"end":{"line":48,"column":null}}},"fnMap":{},"branchMap":{},"s":{"0":5,"1":5,"2":5,"3":5,"4":5,"5":5,"6":5,"7":5,"8":5,"9":5,"10":5,"11":5,"12":5,"13":5,"14":5,"15":5,"16":5,"17":5},"f":{},"b":{}}
,"C:\\Users\\apham\\Assignment4\\src\\data-target.ts": {"path":"C:\\Users\\apham\\Assignment4\\src\\data-target.ts","statementMap":{"0":{"start":{"line":1,"column":0},"end":{"line":1,"column":25}},"1":{"start":{"line":2,"column":0},"end":{"line":2,"column":36}},"2":{"start":{"line":4,"column":0},"end":{"line":4,"column":50}},"3":{"start":{"line":5,"column":0},"end":{"line":5,"column":52}},"4":{"start":{"line":6,"column":0},"end":{"line":6,"column":58}},"5":{"start":{"line":7,"column":0},"end":{"line":7,"column":52}},"6":{"start":{"line":8,"column":0},"end":{"line":8,"column":58}},"7":{"start":{"line":9,"column":0},"end":{"line":9,"column":66}},"8":{"start":{"line":10,"column":0},"end":{"line":10,"column":72}},"9":{"start":{"line":11,"column":0},"end":{"line":11,"column":56}},"10":{"start":{"line":12,"column":0},"end":{"line":12,"column":58}},"11":{"start":{"line":13,"column":0},"end":{"line":13,"column":50}},"12":{"start":{"line":14,"column":0},"end":{"line":14,"column":54}},"13":{"start":{"line":15,"column":0},"end":{"line":15,"column":51}},"14":{"start":{"line":17,"column":13},"end":{"line":41,"column":null}}},"fnMap":{},"branchMap":{},"s":{"0":5,"1":5,"2":5,"3":5,"4":5,"5":5,"6":5,"7":5,"8":5,"9":5,"10":5,"11":5,"12":5,"13":5,"14":5},"f":{},"b":{}}
,"C:\\Users\\apham\\Assignment4\\src\\index.ts": {"path":"C:\\Users\\apham\\Assignment4\\src\\index.ts","statementMap":{"0":{"start":{"line":1,"column":0},"end":{"line":1,"column":45}},"1":{"start":{"line":2,"column":0},"end":{"line":2,"column":49}},"2":{"start":{"line":5,"column":0},"end":{"line":5,"column":49}},"3":{"start":{"line":6,"column":0},"end":{"line":6,"column":51}},"4":{"start":{"line":7,"column":0},"end":{"line":7,"column":57}},"5":{"start":{"line":8,"column":0},"end":{"line":8,"column":49}},"6":{"start":{"line":9,"column":0},"end":{"line":9,"column":51}},"7":{"start":{"line":10,"column":0},"end":{"line":10,"column":57}},"8":{"start":{"line":12,"column":0},"end":{"line":12,"column":65}},"9":{"start":{"line":13,"column":0},"end":{"line":13,"column":71}},"10":{"start":{"line":15,"column":0},"end":{"line":15,"column":55}},"11":{"start":{"line":16,"column":0},"end":{"line":16,"column":57}},"12":{"start":{"line":18,"column":0},"end":{"line":18,"column":57}},"13":{"start":{"line":20,"column":0},"end":{"line":20,"column":53}},"14":{"start":{"line":21,"column":0},"end":{"line":21,"column":51}},"15":{"start":{"line":22,"column":0},"end":{"line":22,"column":51}},"16":{"start":{"line":50,"column":4},"end":{"line":50,"column":58}},"17":{"start":{"line":51,"column":4},"end":{"line":86,"column":5}},"18":{"start":{"line":52,"column":8},"end":{"line":75,"column":11}},"19":{"start":{"line":53,"column":12},"end":{"line":53,"column":48}},"20":{"start":{"line":56,"column":12},"end":{"line":56,"column":52}},"21":{"start":{"line":57,"column":12},"end":{"line":57,"column":32}},"22":{"start":{"line":58,"column":12},"end":{"line":58,"column":33}},"23":{"start":{"line":59,"column":12},"end":{"line":59,"column":36}},"24":{"start":{"line":60,"column":12},"end":{"line":60,"column":32}},"25":{"start":{"line":61,"column":12},"end":{"line":61,"column":33}},"26":{"start":{"line":62,"column":12},"end":{"line":62,"column":36}},"27":{"start":{"line":65,"column":12},"end":{"line":65,"column":49}},"28":{"start":{"line":66,"column":12},"end":{"line":66,"column":40}},"29":{"start":{"line":67,"column":12},"end":{"line":67,"column":43}},"30":{"start":{"line":70,"column":12},"end":{"line":70,"column":47}},"31":{"start":{"line":71,"column":12},"end":{"line":71,"column":35}},"32":{"start":{"line":72,"column":12},"end":{"line":72,"column":36}},"33":{"start":{"line":74,"column":12},"end":{"line":74,"column":55}},"34":{"start":{"line":77,"column":8},"end":{"line":77,"column":68}},"35":{"start":{"line":79,"column":8},"end":{"line":79,"column":30}},"36":{"start":{"line":81,"column":8},"end":{"line":81,"column":29}},"37":{"start":{"line":83,"column":8},"end":{"line":83,"column":58}},"38":{"start":{"line":84,"column":8},"end":{"line":84,"column":37}},"39":{"start":{"line":85,"column":8},"end":{"line":85,"column":20}},"40":{"start":{"line":91,"column":4},"end":{"line":166,"column":5}},"41":{"start":{"line":92,"column":8},"end":{"line":92,"column":71}},"42":{"start":{"line":94,"column":8},"end":{"line":94,"column":41}},"43":{"start":{"line":95,"column":8},"end":{"line":95,"column":42}},"44":{"start":{"line":97,"column":8},"end":{"line":97,"column":44}},"45":{"start":{"line":98,"column":8},"end":{"line":98,"column":43}},"46":{"start":{"line":131,"column":24},"end":{"line":131,"column":39}},"47":{"start":{"line":133,"column":8},"end":{"line":155,"column":9}},"48":{"start":{"line":135,"column":16},"end":{"line":135,"column":38}},"49":{"start":{"line":136,"column":16},"end":{"line":136,"column":22}},"50":{"start":{"line":138,"column":16},"end":{"line":138,"column":33}},"51":{"start":{"line":139,"column":16},"end":{"line":139,"column":22}},"52":{"start":{"line":141,"column":16},"end":{"line":141,"column":40}},"53":{"start":{"line":142,"column":16},"end":{"line":142,"column":22}},"54":{"start":{"line":144,"column":16},"end":{"line":144,"column":37}},"55":{"start":{"line":145,"column":16},"end":{"line":145,"column":22}},"56":{"start":{"line":147,"column":16},"end":{"line":147,"column":38}},"57":{"start":{"line":148,"column":16},"end":{"line":148,"column":22}},"58":{"start":{"line":150,"column":16},"end":{"line":150,"column":null}},"59":{"start":{"line":151,"column":16},"end":{"line":151,"column":71}},"60":{"start":{"line":152,"column":16},"end":{"line":152,"column":71}},"61":{"start":{"line":153,"column":16},"end":{"line":153,"column":78}},"62":{"start":{"line":154,"column":16},"end":{"line":154,"column":66}},"63":{"start":{"line":158,"column":8},"end":{"line":158,"column":57}},"64":{"start":{"line":159,"column":8},"end":{"line":159,"column":20}},"65":{"start":{"line":162,"column":8},"end":{"line":162,"column":43}},"66":{"start":{"line":163,"column":8},"end":{"line":163,"column":38}},"67":{"start":{"line":164,"column":8},"end":{"line":164,"column":41}},"68":{"start":{"line":165,"column":8},"end":{"line":165,"column":42}},"69":{"start":{"line":181,"column":0},"end":{"line":181,"column":7}}},"fnMap":{"0":{"name":"fullLoad","decl":{"start":{"line":49,"column":15},"end":{"line":49,"column":23}},"loc":{"start":{"line":49,"column":23},"end":{"line":87,"column":1}}},"1":{"name":"(anonymous_1)","decl":{"start":{"line":52,"column":51},"end":{"line":52,"column":56}},"loc":{"start":{"line":52,"column":62},"end":{"line":75,"column":9}}},"2":{"name":"main","decl":{"start":{"line":89,"column":15},"end":{"line":89,"column":19}},"loc":{"start":{"line":89,"column":19},"end":{"line":179,"column":1}}}},"branchMap":{"0":{"loc":{"start":{"line":133,"column":8},"end":{"line":155,"column":9}},"type":"switch","locations":[{"start":{"line":134,"column":12},"end":{"line":136,"column":22}},{"start":{"line":137,"column":12},"end":{"line":139,"column":22}},{"start":{"line":140,"column":12},"end":{"line":142,"column":22}},{"start":{"line":143,"column":12},"end":{"line":145,"column":22}},{"start":{"line":146,"column":12},"end":{"line":148,"column":22}},{"start":{"line":149,"column":12},"end":{"line":154,"column":66}}]}},"s":{"0":0,"1":0,"2":0,"3":0,"4":0,"5":0,"6":0,"7":0,"8":0,"9":0,"10":0,"11":0,"12":0,"13":0,"14":0,"15":0,"16":0,"17":0,"18":0,"19":0,"20":0,"21":0,"22":0,"23":0,"24":0,"25":0,"26":0,"27":0,"28":0,"29":0,"30":0,"31":0,"32":0,"33":0,"34":0,"35":0,"36":0,"37":0,"38":0,"39":0,"40":0,"41":0,"42":0,"43":0,"44":0,"45":0,"46":0,"47":0,"48":0,"49":0,"50":0,"51":0,"52":0,"53":0,"54":0,"55":0,"56":0,"57":0,"58":0,"59":0,"60":0,"61":0,"62":0,"63":0,"64":0,"65":0,"66":0,"67":0,"68":0,"69":0},"f":{"0":0,"1":0,"2":0},"b":{"0":[0,0,0,0,0,0]}}
,"C:\\Users\\apham\\Assignment4\\src\\entity\\User.ts": {"path":"C:\\Users\\apham\\Assignment4\\src\\entity\\User.ts","statementMap":{"0":{"start":{"line":1,"column":0},"end":{"line":1,"column":64}},"1":{"start":{"line":4,"column":7},"end":{"line":18,"column":null}},"2":{"start":{"line":4,"column":13},"end":{"line":4,"column":17}},"3":{"start":{"line":7,"column":4},"end":{"line":7,"column":null}},"4":{"start":{"line":10,"column":4},"end":{"line":10,"column":null}},"5":{"start":{"line":13,"column":4},"end":{"line":13,"column":null}},"6":{"start":{"line":16,"column":4},"end":{"line":16,"column":null}},"7":{"start":{"line":4,"column":13},"end":{"line":18,"column":null}}},"fnMap":{},"branchMap":{},"s":{"0":0,"1":0,"2":0,"3":0,"4":0,"5":0,"6":0,"7":0},"f":{},"b":{}}
,"C:\\Users\\apham\\Assignment4\\src\\entity\\source\\Actor.ts": {"path":"C:\\Users\\apham\\Assignment4\\src\\entity\\source\\Actor.ts","statementMap":{"0":{"start":{"line":1,"column":0},"end":{"line":1,"column":55}},"1":{"start":{"line":4,"column":7},"end":{"line":16,"column":null}},"2":{"start":{"line":4,"column":13},"end":{"line":4,"column":18}},"3":{"start":{"line":6,"column":4},"end":{"line":6,"column":null}},"4":{"start":{"line":9,"column":4},"end":{"line":9,"column":null}},"5":{"start":{"line":12,"column":4},"end":{"line":12,"column":null}},"6":{"start":{"line":15,"column":4},"end":{"line":15,"column":null}},"7":{"start":{"line":4,"column":13},"end":{"line":16,"column":null}}},"fnMap":{},"branchMap":{},"s":{"0":5,"1":5,"2":5,"3":5,"4":5,"5":5,"6":5,"7":5},"f":{},"b":{}}
,"C:\\Users\\apham\\Assignment4\\src\\entity\\source\\Address.ts": {"path":"C:\\Users\\apham\\Assignment4\\src\\entity\\source\\Address.ts","statementMap":{"0":{"start":{"line":1,"column":0},"end":{"line":1,"column":78}},"1":{"start":{"line":2,"column":0},"end":{"line":2,"column":28}},"2":{"start":{"line":5,"column":7},"end":{"line":32,"column":null}},"3":{"start":{"line":5,"column":13},"end":{"line":5,"column":20}},"4":{"start":{"line":7,"column":4},"end":{"line":7,"column":null}},"5":{"start":{"line":10,"column":4},"end":{"line":10,"column":null}},"6":{"start":{"line":13,"column":4},"end":{"line":13,"column":null}},"7":{"start":{"line":16,"column":4},"end":{"line":16,"column":null}},"8":{"start":{"line":19,"column":4},"end":{"line":19,"column":null}},"9":{"start":{"line":22,"column":4},"end":{"line":22,"column":null}},"10":{"start":{"line":20,"column":21},"end":{"line":20,"column":25}},"11":{"start":{"line":25,"column":4},"end":{"line":25,"column":null}},"12":{"start":{"line":28,"column":4},"end":{"line":28,"column":null}},"13":{"start":{"line":31,"column":4},"end":{"line":31,"column":null}},"14":{"start":{"line":5,"column":13},"end":{"line":32,"column":null}}},"fnMap":{"0":{"name":"(anonymous_2)","decl":{"start":{"line":20,"column":15},"end":{"line":20,"column":18}},"loc":{"start":{"line":20,"column":21},"end":{"line":20,"column":25}}}},"branchMap":{},"s":{"0":5,"1":5,"2":5,"3":5,"4":5,"5":5,"6":5,"7":5,"8":5,"9":5,"10":5,"11":5,"12":5,"13":5,"14":5},"f":{"0":5},"b":{}}
,"C:\\Users\\apham\\Assignment4\\src\\entity\\source\\Category.ts": {"path":"C:\\Users\\apham\\Assignment4\\src\\entity\\source\\Category.ts","statementMap":{"0":{"start":{"line":1,"column":0},"end":{"line":1,"column":55}},"1":{"start":{"line":4,"column":7},"end":{"line":13,"column":null}},"2":{"start":{"line":4,"column":13},"end":{"line":4,"column":21}},"3":{"start":{"line":6,"column":4},"end":{"line":6,"column":null}},"4":{"start":{"line":9,"column":4},"end":{"line":9,"column":null}},"5":{"start":{"line":12,"column":4},"end":{"line":12,"column":null}},"6":{"start":{"line":4,"column":13},"end":{"line":13,"column":null}}},"fnMap":{},"branchMap":{},"s":{"0":5,"1":5,"2":5,"3":5,"4":5,"5":5,"6":5},"f":{},"b":{}}
,"C:\\Users\\apham\\Assignment4\\src\\entity\\source\\City.ts": {"path":"C:\\Users\\apham\\Assignment4\\src\\entity\\source\\City.ts","statementMap":{"0":{"start":{"line":1,"column":0},"end":{"line":1,"column":78}},"1":{"start":{"line":2,"column":0},"end":{"line":2,"column":34}},"2":{"start":{"line":5,"column":7},"end":{"line":20,"column":null}},"3":{"start":{"line":5,"column":13},"end":{"line":5,"column":17}},"4":{"start":{"line":7,"column":4},"end":{"line":7,"column":null}},"5":{"start":{"line":10,"column":4},"end":{"line":10,"column":null}},"6":{"start":{"line":13,"column":4},"end":{"line":13,"column":null}},"7":{"start":{"line":16,"column":4},"end":{"line":16,"column":null}},"8":{"start":{"line":14,"column":21},"end":{"line":14,"column":28}},"9":{"start":{"line":19,"column":4},"end":{"line":19,"column":null}},"10":{"start":{"line":5,"column":13},"end":{"line":20,"column":null}}},"fnMap":{"0":{"name":"(anonymous_2)","decl":{"start":{"line":14,"column":15},"end":{"line":14,"column":18}},"loc":{"start":{"line":14,"column":21},"end":{"line":14,"column":28}}}},"branchMap":{},"s":{"0":5,"1":5,"2":5,"3":5,"4":5,"5":5,"6":5,"7":5,"8":5,"9":5,"10":5},"f":{"0":5},"b":{}}
,"C:\\Users\\apham\\Assignment4\\src\\entity\\source\\Country.ts": {"path":"C:\\Users\\apham\\Assignment4\\src\\entity\\source\\Country.ts","statementMap":{"0":{"start":{"line":1,"column":0},"end":{"line":1,"column":55}},"1":{"start":{"line":4,"column":7},"end":{"line":13,"column":null}},"2":{"start":{"line":4,"column":13},"end":{"line":4,"column":20}},"3":{"start":{"line":6,"column":4},"end":{"line":6,"column":null}},"4":{"start":{"line":9,"column":4},"end":{"line":9,"column":null}},"5":{"start":{"line":12,"column":4},"end":{"line":12,"column":null}},"6":{"start":{"line":4,"column":13},"end":{"line":13,"column":null}}},"fnMap":{},"branchMap":{},"s":{"0":5,"1":5,"2":5,"3":5,"4":5,"5":5,"6":5},"f":{},"b":{}}
,"C:\\Users\\apham\\Assignment4\\src\\entity\\source\\Customer.ts": {"path":"C:\\Users\\apham\\Assignment4\\src\\entity\\source\\Customer.ts","statementMap":{"0":{"start":{"line":1,"column":0},"end":{"line":1,"column":78}},"1":{"start":{"line":2,"column":0},"end":{"line":2,"column":34}},"2":{"start":{"line":5,"column":7},"end":{"line":35,"column":null}},"3":{"start":{"line":5,"column":13},"end":{"line":5,"column":21}},"4":{"start":{"line":7,"column":4},"end":{"line":7,"column":null}},"5":{"start":{"line":10,"column":4},"end":{"line":10,"column":null}},"6":{"start":{"line":13,"column":4},"end":{"line":13,"column":null}},"7":{"start":{"line":16,"column":4},"end":{"line":16,"column":null}},"8":{"start":{"line":19,"column":4},"end":{"line":19,"column":null}},"9":{"start":{"line":22,"column":4},"end":{"line":22,"column":null}},"10":{"start":{"line":25,"column":4},"end":{"line":25,"column":null}},"11":{"start":{"line":23,"column":21},"end":{"line":23,"column":28}},"12":{"start":{"line":28,"column":4},"end":{"line":28,"column":null}},"13":{"start":{"line":31,"column":4},"end":{"line":31,"column":null}},"14":{"start":{"line":34,"column":4},"end":{"line":34,"column":null}},"15":{"start":{"line":5,"column":13},"end":{"line":35,"column":null}}},"fnMap":{"0":{"name":"(anonymous_2)","decl":{"start":{"line":23,"column":15},"end":{"line":23,"column":18}},"loc":{"start":{"line":23,"column":21},"end":{"line":23,"column":28}}}},"branchMap":{},"s":{"0":5,"1":5,"2":5,"3":5,"4":5,"5":5,"6":5,"7":5,"8":5,"9":5,"10":5,"11":5,"12":5,"13":5,"14":5,"15":5},"f":{"0":5},"b":{}}
,"C:\\Users\\apham\\Assignment4\\src\\entity\\source\\Film.ts": {"path":"C:\\Users\\apham\\Assignment4\\src\\entity\\source\\Film.ts","statementMap":{"0":{"start":{"line":1,"column":0},"end":{"line":1,"column":78}},"1":{"start":{"line":2,"column":0},"end":{"line":2,"column":38}},"2":{"start":{"line":5,"column":7},"end":{"line":54,"column":null}},"3":{"start":{"line":5,"column":13},"end":{"line":5,"column":17}},"4":{"start":{"line":7,"column":4},"end":{"line":7,"column":null}},"5":{"start":{"line":10,"column":4},"end":{"line":10,"column":null}},"6":{"start":{"line":13,"column":4},"end":{"line":13,"column":null}},"7":{"start":{"line":16,"column":4},"end":{"line":16,"column":null}},"8":{"start":{"line":19,"column":4},"end":{"line":19,"column":null}},"9":{"start":{"line":22,"column":4},"end":{"line":22,"column":null}},"10":{"start":{"line":20,"column":21},"end":{"line":20,"column":29}},"11":{"start":{"line":25,"column":4},"end":{"line":25,"column":null}},"12":{"start":{"line":28,"column":4},"end":{"line":28,"column":null}},"13":{"start":{"line":31,"column":4},"end":{"line":31,"column":null}},"14":{"start":{"line":34,"column":4},"end":{"line":34,"column":null}},"15":{"start":{"line":37,"column":4},"end":{"line":37,"column":null}},"16":{"start":{"line":43,"column":4},"end":{"line":43,"column":null}},"17":{"start":{"line":49,"column":4},"end":{"line":49,"column":null}},"18":{"start":{"line":52,"column":4},"end":{"line":52,"column":null}},"19":{"start":{"line":5,"column":13},"end":{"line":54,"column":null}}},"fnMap":{"0":{"name":"(anonymous_2)","decl":{"start":{"line":20,"column":15},"end":{"line":20,"column":18}},"loc":{"start":{"line":20,"column":21},"end":{"line":20,"column":29}}}},"branchMap":{},"s":{"0":5,"1":5,"2":5,"3":5,"4":5,"5":5,"6":5,"7":5,"8":5,"9":5,"10":5,"11":5,"12":5,"13":5,"14":5,"15":5,"16":5,"17":5,"18":5,"19":5},"f":{"0":5},"b":{}}
,"C:\\Users\\apham\\Assignment4\\src\\entity\\source\\FilmActor.ts": {"path":"C:\\Users\\apham\\Assignment4\\src\\entity\\source\\FilmActor.ts","statementMap":{"0":{"start":{"line":1,"column":0},"end":{"line":1,"column":55}},"1":{"start":{"line":4,"column":7},"end":{"line":13,"column":null}},"2":{"start":{"line":4,"column":13},"end":{"line":4,"column":22}},"3":{"start":{"line":6,"column":4},"end":{"line":6,"column":null}},"4":{"start":{"line":9,"column":4},"end":{"line":9,"column":null}},"5":{"start":{"line":12,"column":4},"end":{"line":12,"column":null}},"6":{"start":{"line":4,"column":13},"end":{"line":13,"column":null}}},"fnMap":{},"branchMap":{},"s":{"0":5,"1":5,"2":5,"3":5,"4":5,"5":5,"6":5},"f":{},"b":{}}
,"C:\\Users\\apham\\Assignment4\\src\\entity\\source\\FilmCategory.ts": {"path":"C:\\Users\\apham\\Assignment4\\src\\entity\\source\\FilmCategory.ts","statementMap":{"0":{"start":{"line":1,"column":0},"end":{"line":1,"column":55}},"1":{"start":{"line":4,"column":7},"end":{"line":13,"column":null}},"2":{"start":{"line":4,"column":13},"end":{"line":4,"column":25}},"3":{"start":{"line":6,"column":4},"end":{"line":6,"column":null}},"4":{"start":{"line":9,"column":4},"end":{"line":9,"column":null}},"5":{"start":{"line":12,"column":4},"end":{"line":12,"column":null}},"6":{"start":{"line":4,"column":13},"end":{"line":13,"column":null}}},"fnMap":{},"branchMap":{},"s":{"0":5,"1":5,"2":5,"3":5,"4":5,"5":5,"6":5},"f":{},"b":{}}
,"C:\\Users\\apham\\Assignment4\\src\\entity\\source\\Inventory.ts": {"path":"C:\\Users\\apham\\Assignment4\\src\\entity\\source\\Inventory.ts","statementMap":{"0":{"start":{"line":1,"column":0},"end":{"line":1,"column":55}},"1":{"start":{"line":4,"column":7},"end":{"line":16,"column":null}},"2":{"start":{"line":4,"column":13},"end":{"line":4,"column":22}},"3":{"start":{"line":6,"column":4},"end":{"line":6,"column":null}},"4":{"start":{"line":9,"column":4},"end":{"line":9,"column":null}},"5":{"start":{"line":12,"column":4},"end":{"line":12,"column":null}},"6":{"start":{"line":15,"column":4},"end":{"line":15,"column":null}},"7":{"start":{"line":4,"column":13},"end":{"line":16,"column":null}}},"fnMap":{},"branchMap":{},"s":{"0":5,"1":5,"2":5,"3":5,"4":5,"5":5,"6":5,"7":5},"f":{},"b":{}}
,"C:\\Users\\apham\\Assignment4\\src\\entity\\source\\Language.ts": {"path":"C:\\Users\\apham\\Assignment4\\src\\entity\\source\\Language.ts","statementMap":{"0":{"start":{"line":1,"column":0},"end":{"line":1,"column":55}},"1":{"start":{"line":4,"column":7},"end":{"line":13,"column":null}},"2":{"start":{"line":4,"column":13},"end":{"line":4,"column":21}},"3":{"start":{"line":6,"column":4},"end":{"line":6,"column":null}},"4":{"start":{"line":9,"column":4},"end":{"line":9,"column":null}},"5":{"start":{"line":12,"column":4},"end":{"line":12,"column":null}},"6":{"start":{"line":4,"column":13},"end":{"line":13,"column":null}}},"fnMap":{},"branchMap":{},"s":{"0":5,"1":5,"2":5,"3":5,"4":5,"5":5,"6":5},"f":{},"b":{}}
,"C:\\Users\\apham\\Assignment4\\src\\entity\\source\\Payment.ts": {"path":"C:\\Users\\apham\\Assignment4\\src\\entity\\source\\Payment.ts","statementMap":{"0":{"start":{"line":1,"column":0},"end":{"line":1,"column":55}},"1":{"start":{"line":4,"column":7},"end":{"line":25,"column":null}},"2":{"start":{"line":4,"column":13},"end":{"line":4,"column":20}},"3":{"start":{"line":6,"column":4},"end":{"line":6,"column":null}},"4":{"start":{"line":9,"column":4},"end":{"line":9,"column":null}},"5":{"start":{"line":12,"column":4},"end":{"line":12,"column":null}},"6":{"start":{"line":15,"column":4},"end":{"line":15,"column":null}},"7":{"start":{"line":18,"column":4},"end":{"line":18,"column":null}},"8":{"start":{"line":21,"column":4},"end":{"line":21,"column":null}},"9":{"start":{"line":24,"column":4},"end":{"line":24,"column":null}},"10":{"start":{"line":4,"column":13},"end":{"line":25,"column":null}}},"fnMap":{},"branchMap":{},"s":{"0":5,"1":5,"2":5,"3":5,"4":5,"5":5,"6":5,"7":5,"8":5,"9":5,"10":5},"f":{},"b":{}}
,"C:\\Users\\apham\\Assignment4\\src\\entity\\source\\Rental.ts": {"path":"C:\\Users\\apham\\Assignment4\\src\\entity\\source\\Rental.ts","statementMap":{"0":{"start":{"line":1,"column":0},"end":{"line":1,"column":55}},"1":{"start":{"line":4,"column":7},"end":{"line":25,"column":null}},"2":{"start":{"line":4,"column":13},"end":{"line":4,"column":19}},"3":{"start":{"line":6,"column":4},"end":{"line":6,"column":null}},"4":{"start":{"line":9,"column":4},"end":{"line":9,"column":null}},"5":{"start":{"line":12,"column":4},"end":{"line":12,"column":null}},"6":{"start":{"line":15,"column":4},"end":{"line":15,"column":null}},"7":{"start":{"line":18,"column":4},"end":{"line":18,"column":null}},"8":{"start":{"line":21,"column":4},"end":{"line":21,"column":null}},"9":{"start":{"line":24,"column":4},"end":{"line":24,"column":null}},"10":{"start":{"line":4,"column":13},"end":{"line":25,"column":null}}},"fnMap":{},"branchMap":{},"s":{"0":5,"1":5,"2":5,"3":5,"4":5,"5":5,"6":5,"7":5,"8":5,"9":5,"10":5},"f":{},"b":{}}
,"C:\\Users\\apham\\Assignment4\\src\\entity\\source\\Staff.ts": {"path":"C:\\Users\\apham\\Assignment4\\src\\entity\\source\\Staff.ts","statementMap":{"0":{"start":{"line":1,"column":0},"end":{"line":1,"column":55}},"1":{"start":{"line":4,"column":7},"end":{"line":37,"column":null}},"2":{"start":{"line":4,"column":13},"end":{"line":4,"column":18}},"3":{"start":{"line":6,"column":4},"end":{"line":6,"column":null}},"4":{"start":{"line":9,"column":4},"end":{"line":9,"column":null}},"5":{"start":{"line":12,"column":4},"end":{"line":12,"column":null}},"6":{"start":{"line":15,"column":4},"end":{"line":15,"column":null}},"7":{"start":{"line":18,"column":4},"end":{"line":18,"column":null}},"8":{"start":{"line":21,"column":4},"end":{"line":21,"column":null}},"9":{"start":{"line":24,"column":4},"end":{"line":24,"column":null}},"10":{"start":{"line":27,"column":4},"end":{"line":27,"column":null}},"11":{"start":{"line":30,"column":4},"end":{"line":30,"column":null}},"12":{"start":{"line":33,"column":4},"end":{"line":33,"column":null}},"13":{"start":{"line":36,"column":4},"end":{"line":36,"column":null}},"14":{"start":{"line":4,"column":13},"end":{"line":37,"column":null}}},"fnMap":{},"branchMap":{},"s":{"0":5,"1":5,"2":5,"3":5,"4":5,"5":5,"6":5,"7":5,"8":5,"9":5,"10":5,"11":5,"12":5,"13":5,"14":5},"f":{},"b":{}}
,"C:\\Users\\apham\\Assignment4\\src\\entity\\source\\Store.ts": {"path":"C:\\Users\\apham\\Assignment4\\src\\entity\\source\\Store.ts","statementMap":{"0":{"start":{"line":1,"column":0},"end":{"line":1,"column":78}},"1":{"start":{"line":2,"column":0},"end":{"line":2,"column":34}},"2":{"start":{"line":5,"column":7},"end":{"line":20,"column":null}},"3":{"start":{"line":5,"column":13},"end":{"line":5,"column":18}},"4":{"start":{"line":7,"column":4},"end":{"line":7,"column":null}},"5":{"start":{"line":10,"column":4},"end":{"line":10,"column":null}},"6":{"start":{"line":13,"column":4},"end":{"line":13,"column":null}},"7":{"start":{"line":16,"column":4},"end":{"line":16,"column":null}},"8":{"start":{"line":14,"column":21},"end":{"line":14,"column":28}},"9":{"start":{"line":19,"column":4},"end":{"line":19,"column":null}},"10":{"start":{"line":5,"column":13},"end":{"line":20,"column":null}}},"fnMap":{"0":{"name":"(anonymous_2)","decl":{"start":{"line":14,"column":15},"end":{"line":14,"column":18}},"loc":{"start":{"line":14,"column":21},"end":{"line":14,"column":28}}}},"branchMap":{},"s":{"0":5,"1":5,"2":5,"3":5,"4":5,"5":5,"6":5,"7":5,"8":5,"9":5,"10":5},"f":{"0":5},"b":{}}
,"C:\\Users\\apham\\Assignment4\\src\\entity\\target\\BridgeFilmActor.ts": {"path":"C:\\Users\\apham\\Assignment4\\src\\entity\\target\\BridgeFilmActor.ts","statementMap":{"0":{"start":{"line":1,"column":0},"end":{"line":1,"column":46}},"1":{"start":{"line":4,"column":7},"end":{"line":10,"column":null}},"2":{"start":{"line":4,"column":13},"end":{"line":4,"column":28}},"3":{"start":{"line":6,"column":4},"end":{"line":6,"column":null}},"4":{"start":{"line":9,"column":4},"end":{"line":9,"column":null}},"5":{"start":{"line":4,"column":13},"end":{"line":10,"column":null}}},"fnMap":{},"branchMap":{},"s":{"0":5,"1":5,"2":5,"3":5,"4":5,"5":5},"f":{},"b":{}}
,"C:\\Users\\apham\\Assignment4\\src\\entity\\target\\BridgeFilmCategory.ts": {"path":"C:\\Users\\apham\\Assignment4\\src\\entity\\target\\BridgeFilmCategory.ts","statementMap":{"0":{"start":{"line":1,"column":0},"end":{"line":1,"column":46}},"1":{"start":{"line":4,"column":7},"end":{"line":10,"column":null}},"2":{"start":{"line":4,"column":13},"end":{"line":4,"column":31}},"3":{"start":{"line":6,"column":4},"end":{"line":6,"column":null}},"4":{"start":{"line":9,"column":4},"end":{"line":9,"column":null}},"5":{"start":{"line":4,"column":13},"end":{"line":10,"column":null}}},"fnMap":{},"branchMap":{},"s":{"0":5,"1":5,"2":5,"3":5,"4":5,"5":5},"f":{},"b":{}}
,"C:\\Users\\apham\\Assignment4\\src\\entity\\target\\DimActor.ts": {"path":"C:\\Users\\apham\\Assignment4\\src\\entity\\target\\DimActor.ts","statementMap":{"0":{"start":{"line":1,"column":0},"end":{"line":1,"column":63}},"1":{"start":{"line":4,"column":7},"end":{"line":19,"column":null}},"2":{"start":{"line":4,"column":13},"end":{"line":4,"column":21}},"3":{"start":{"line":6,"column":4},"end":{"line":6,"column":null}},"4":{"start":{"line":9,"column":4},"end":{"line":9,"column":null}},"5":{"start":{"line":12,"column":4},"end":{"line":12,"column":null}},"6":{"start":{"line":15,"column":4},"end":{"line":15,"column":null}},"7":{"start":{"line":18,"column":4},"end":{"line":18,"column":null}},"8":{"start":{"line":4,"column":13},"end":{"line":19,"column":null}}},"fnMap":{},"branchMap":{},"s":{"0":5,"1":5,"2":5,"3":5,"4":5,"5":5,"6":5,"7":5,"8":5},"f":{},"b":{}}
,"C:\\Users\\apham\\Assignment4\\src\\entity\\target\\DimCategory.ts": {"path":"C:\\Users\\apham\\Assignment4\\src\\entity\\target\\DimCategory.ts","statementMap":{"0":{"start":{"line":1,"column":0},"end":{"line":1,"column":63}},"1":{"start":{"line":4,"column":7},"end":{"line":16,"column":null}},"2":{"start":{"line":4,"column":13},"end":{"line":4,"column":24}},"3":{"start":{"line":6,"column":4},"end":{"line":6,"column":null}},"4":{"start":{"line":9,"column":4},"end":{"line":9,"column":null}},"5":{"start":{"line":12,"column":4},"end":{"line":12,"column":null}},"6":{"start":{"line":15,"column":4},"end":{"line":15,"column":null}},"7":{"start":{"line":4,"column":13},"end":{"line":16,"column":null}}},"fnMap":{},"branchMap":{},"s":{"0":5,"1":5,"2":5,"3":5,"4":5,"5":5,"6":5,"7":5},"f":{},"b":{}}
,"C:\\Users\\apham\\Assignment4\\src\\entity\\target\\DimCustomer.ts": {"path":"C:\\Users\\apham\\Assignment4\\src\\entity\\target\\DimCustomer.ts","statementMap":{"0":{"start":{"line":1,"column":0},"end":{"line":1,"column":63}},"1":{"start":{"line":4,"column":7},"end":{"line":28,"column":null}},"2":{"start":{"line":4,"column":13},"end":{"line":4,"column":24}},"3":{"start":{"line":6,"column":4},"end":{"line":6,"column":null}},"4":{"start":{"line":9,"column":4},"end":{"line":9,"column":null}},"5":{"start":{"line":12,"column":4},"end":{"line":12,"column":null}},"6":{"start":{"line":15,"column":4},"end":{"line":15,"column":null}},"7":{"start":{"line":18,"column":4},"end":{"line":18,"column":null}},"8":{"start":{"line":21,"column":4},"end":{"line":21,"column":null}},"9":{"start":{"line":24,"column":4},"end":{"line":24,"column":null}},"10":{"start":{"line":27,"column":4},"end":{"line":27,"column":null}},"11":{"start":{"line":4,"column":13},"end":{"line":28,"column":null}}},"fnMap":{},"branchMap":{},"s":{"0":5,"1":5,"2":5,"3":5,"4":5,"5":5,"6":5,"7":5,"8":5,"9":5,"10":5,"11":5},"f":{},"b":{}}
,"C:\\Users\\apham\\Assignment4\\src\\entity\\target\\DimDate.ts": {"path":"C:\\Users\\apham\\Assignment4\\src\\entity\\target\\DimDate.ts","statementMap":{"0":{"start":{"line":1,"column":0},"end":{"line":1,"column":80}},"1":{"start":{"line":4,"column":7},"end":{"line":25,"column":null}},"2":{"start":{"line":4,"column":13},"end":{"line":4,"column":20}},"3":{"start":{"line":6,"column":4},"end":{"line":6,"column":null}},"4":{"start":{"line":9,"column":4},"end":{"line":9,"column":null}},"5":{"start":{"line":12,"column":4},"end":{"line":12,"column":null}},"6":{"start":{"line":15,"column":4},"end":{"line":15,"column":null}},"7":{"start":{"line":18,"column":4},"end":{"line":18,"column":null}},"8":{"start":{"line":21,"column":4},"end":{"line":21,"column":null}},"9":{"start":{"line":24,"column":4},"end":{"line":24,"column":null}},"10":{"start":{"line":4,"column":13},"end":{"line":25,"column":null}}},"fnMap":{},"branchMap":{},"s":{"0":5,"1":5,"2":5,"3":5,"4":5,"5":5,"6":5,"7":5,"8":5,"9":5,"10":5},"f":{},"b":{}}
,"C:\\Users\\apham\\Assignment4\\src\\entity\\target\\DimFilm.ts": {"path":"C:\\Users\\apham\\Assignment4\\src\\entity\\target\\DimFilm.ts","statementMap":{"0":{"start":{"line":1,"column":0},"end":{"line":1,"column":65}},"1":{"start":{"line":4,"column":7},"end":{"line":28,"column":null}},"2":{"start":{"line":4,"column":13},"end":{"line":4,"column":20}},"3":{"start":{"line":6,"column":4},"end":{"line":6,"column":null}},"4":{"start":{"line":9,"column":4},"end":{"line":9,"column":null}},"5":{"start":{"line":12,"column":4},"end":{"line":12,"column":null}},"6":{"start":{"line":15,"column":4},"end":{"line":15,"column":null}},"7":{"start":{"line":18,"column":4},"end":{"line":18,"column":null}},"8":{"start":{"line":21,"column":4},"end":{"line":21,"column":null}},"9":{"start":{"line":24,"column":4},"end":{"line":24,"column":null}},"10":{"start":{"line":27,"column":4},"end":{"line":27,"column":null}},"11":{"start":{"line":4,"column":13},"end":{"line":28,"column":null}}},"fnMap":{},"branchMap":{},"s":{"0":5,"1":5,"2":5,"3":5,"4":5,"5":5,"6":5,"7":5,"8":5,"9":5,"10":5,"11":5},"f":{},"b":{}}
,"C:\\Users\\apham\\Assignment4\\src\\entity\\target\\DimStore.ts": {"path":"C:\\Users\\apham\\Assignment4\\src\\entity\\target\\DimStore.ts","statementMap":{"0":{"start":{"line":1,"column":0},"end":{"line":1,"column":63}},"1":{"start":{"line":4,"column":7},"end":{"line":19,"column":null}},"2":{"start":{"line":4,"column":13},"end":{"line":4,"column":21}},"3":{"start":{"line":6,"column":4},"end":{"line":6,"column":null}},"4":{"start":{"line":9,"column":4},"end":{"line":9,"column":null}},"5":{"start":{"line":12,"column":4},"end":{"line":12,"column":null}},"6":{"start":{"line":15,"column":4},"end":{"line":15,"column":null}},"7":{"start":{"line":18,"column":4},"end":{"line":18,"column":null}},"8":{"start":{"line":4,"column":13},"end":{"line":19,"column":null}}},"fnMap":{},"branchMap":{},"s":{"0":5,"1":5,"2":5,"3":5,"4":5,"5":5,"6":5,"7":5,"8":5},"f":{},"b":{}}
,"C:\\Users\\apham\\Assignment4\\src\\entity\\target\\FactPayment.ts": {"path":"C:\\Users\\apham\\Assignment4\\src\\entity\\target\\FactPayment.ts","statementMap":{"0":{"start":{"line":1,"column":0},"end":{"line":1,"column":63}},"1":{"start":{"line":4,"column":7},"end":{"line":25,"column":null}},"2":{"start":{"line":4,"column":13},"end":{"line":4,"column":24}},"3":{"start":{"line":6,"column":4},"end":{"line":6,"column":null}},"4":{"start":{"line":9,"column":4},"end":{"line":9,"column":null}},"5":{"start":{"line":12,"column":4},"end":{"line":12,"column":null}},"6":{"start":{"line":15,"column":4},"end":{"line":15,"column":null}},"7":{"start":{"line":18,"column":4},"end":{"line":18,"column":null}},"8":{"start":{"line":21,"column":4},"end":{"line":21,"column":null}},"9":{"start":{"line":24,"column":4},"end":{"line":24,"column":null}},"10":{"start":{"line":4,"column":13},"end":{"line":25,"column":null}}},"fnMap":{},"branchMap":{},"s":{"0":5,"1":5,"2":5,"3":5,"4":5,"5":5,"6":5,"7":5,"8":5,"9":5,"10":5},"f":{},"b":{}}
,"C:\\Users\\apham\\Assignment4\\src\\entity\\target\\FactRental.ts": {"path":"C:\\Users\\apham\\Assignment4\\src\\entity\\target\\FactRental.ts","statementMap":{"0":{"start":{"line":1,"column":0},"end":{"line":1,"column":63}},"1":{"start":{"line":4,"column":7},"end":{"line":31,"column":null}},"2":{"start":{"line":4,"column":13},"end":{"line":4,"column":23}},"3":{"start":{"line":6,"column":4},"end":{"line":6,"column":null}},"4":{"start":{"line":9,"column":4},"end":{"line":9,"column":null}},"5":{"start":{"line":12,"column":4},"end":{"line":12,"column":null}},"6":{"start":{"line":15,"column":4},"end":{"line":15,"column":null}},"7":{"start":{"line":18,"column":4},"end":{"line":18,"column":null}},"8":{"start":{"line":21,"column":4},"end":{"line":21,"column":null}},"9":{"start":{"line":24,"column":4},"end":{"line":24,"column":null}},"10":{"start":{"line":27,"column":4},"end":{"line":27,"column":null}},"11":{"start":{"line":30,"column":4},"end":{"line":30,"column":null}},"12":{"start":{"line":4,"column":13},"end":{"line":31,"column":null}}},"fnMap":{},"branchMap":{},"s":{"0":5,"1":5,"2":5,"3":5,"4":5,"5":5,"6":5,"7":5,"8":5,"9":5,"10":5,"11":5,"12":5},"f":{},"b":{}}
,"C:\\Users\\apham\\Assignment4\\src\\entity\\target\\SyncState.ts": {"path":"C:\\Users\\apham\\Assignment4\\src\\entity\\target\\SyncState.ts","statementMap":{"0":{"start":{"line":1,"column":0},"end":{"line":1,"column":56}},"1":{"start":{"line":4,"column":7},"end":{"line":13,"column":null}},"2":{"start":{"line":4,"column":13},"end":{"line":4,"column":22}},"3":{"start":{"line":6,"column":4},"end":{"line":6,"column":null}},"4":{"start":{"line":9,"column":4},"end":{"line":9,"column":null}},"5":{"start":{"line":12,"column":4},"end":{"line":12,"column":null}},"6":{"start":{"line":4,"column":13},"end":{"line":13,"column":null}}},"fnMap":{},"branchMap":{},"s":{"0":5,"1":5,"2":5,"3":5,"4":5,"5":5,"6":5},"f":{},"b":{}}
,"C:\\Users\\apham\\Assignment4\\src\\load\\loadBridgeFilmActor.ts": {"path":"C:\\Users\\apham\\Assignment4\\src\\load\\loadBridgeFilmActor.ts","statementMap":{"0":{"start":{"line":8,"column":0},"end":{"line":8,"column":7}},"1":{"start":{"line":1,"column":0},"end":{"line":1,"column":47}},"2":{"start":{"line":2,"column":0},"end":{"line":2,"column":50}},"3":{"start":{"line":3,"column":0},"end":{"line":3,"column":55}},"4":{"start":{"line":4,"column":0},"end":{"line":4,"column":67}},"5":{"start":{"line":5,"column":0},"end":{"line":5,"column":51}},"6":{"start":{"line":6,"column":0},"end":{"line":6,"column":53}},"7":{"start":{"line":9,"column":26},"end":{"line":9,"column":64}},"8":{"start":{"line":10,"column":23},"end":{"line":10,"column":70}},"9":{"start":{"line":11,"column":24},"end":{"line":11,"column":63}},"10":{"start":{"line":12,"column":25},"end":{"line":12,"column":65}},"11":{"start":{"line":13,"column":23},"end":{"line":13,"column":49}},"12":{"start":{"line":14,"column":18},"end":{"line":14,"column":42}},"13":{"start":{"line":15,"column":19},"end":{"line":15,"column":44}},"14":{"start":{"line":18,"column":4},"end":{"line":18,"column":53}},"15":{"start":{"line":19,"column":4},"end":{"line":19,"column":67}},"16":{"start":{"line":20,"column":4},"end":{"line":20,"column":60}},"17":{"start":{"line":21,"column":4},"end":{"line":21,"column":62}},"18":{"start":{"line":23,"column":4},"end":{"line":23,"column":56}},"19":{"start":{"line":24,"column":4},"end":{"line":26,"column":7}},"20":{"start":{"line":25,"column":8},"end":{"line":25,"column":74}},"21":{"start":{"line":28,"column":4},"end":{"line":28,"column":47}},"22":{"start":{"line":29,"column":4},"end":{"line":31,"column":7}},"23":{"start":{"line":30,"column":8},"end":{"line":30,"column":72}},"24":{"start":{"line":33,"column":4},"end":{"line":33,"column":48}},"25":{"start":{"line":34,"column":4},"end":{"line":36,"column":7}},"26":{"start":{"line":35,"column":8},"end":{"line":35,"column":76}},"27":{"start":{"line":38,"column":23},"end":{"line":38,"column":71}},"28":{"start":{"line":38,"column":46},"end":{"line":38,"column":69}},"29":{"start":{"line":39,"column":24},"end":{"line":39,"column":75}},"30":{"start":{"line":39,"column":48},"end":{"line":39,"column":73}},"31":{"start":{"line":41,"column":4},"end":{"line":41,"column":32}},"32":{"start":{"line":42,"column":4},"end":{"line":42,"column":60}},"33":{"start":{"line":43,"column":4},"end":{"line":43,"column":62}},"34":{"start":{"line":45,"column":4},"end":{"line":45,"column":60}},"35":{"start":{"line":46,"column":23},"end":{"line":46,"column":36}},"36":{"start":{"line":47,"column":4},"end":{"line":47,"column":101}},"37":{"start":{"line":48,"column":4},"end":{"line":48,"column":105}},"38":{"start":{"line":50,"column":26},"end":{"line":50,"column":27}},"39":{"start":{"line":51,"column":27},"end":{"line":51,"column":28}},"40":{"start":{"line":52,"column":23},"end":{"line":52,"column":24}},"41":{"start":{"line":54,"column":26},"end":{"line":75,"column":42}},"42":{"start":{"line":56,"column":28},"end":{"line":56,"column":54}},"43":{"start":{"line":57,"column":29},"end":{"line":57,"column":57}},"44":{"start":{"line":59,"column":12},"end":{"line":61,"column":13}},"45":{"start":{"line":60,"column":16},"end":{"line":60,"column":34}},"46":{"start":{"line":62,"column":12},"end":{"line":64,"column":13}},"47":{"start":{"line":63,"column":16},"end":{"line":63,"column":35}},"48":{"start":{"line":66,"column":12},"end":{"line":72,"column":13}},"49":{"start":{"line":67,"column":16},"end":{"line":67,"column":31}},"50":{"start":{"line":68,"column":16},"end":{"line":71,"column":18}},"51":{"start":{"line":73,"column":12},"end":{"line":73,"column":24}},"52":{"start":{"line":75,"column":26},"end":{"line":75,"column":41}},"53":{"start":{"line":77,"column":4},"end":{"line":77,"column":37}},"54":{"start":{"line":78,"column":4},"end":{"line":78,"column":56}},"55":{"start":{"line":79,"column":4},"end":{"line":79,"column":57}},"56":{"start":{"line":80,"column":4},"end":{"line":80,"column":59}},"57":{"start":{"line":81,"column":4},"end":{"line":81,"column":67}},"58":{"start":{"line":83,"column":4},"end":{"line":88,"column":5}},"59":{"start":{"line":85,"column":8},"end":{"line":85,"column":33}},"60":{"start":{"line":86,"column":8},"end":{"line":86,"column":47}},"61":{"start":{"line":87,"column":8},"end":{"line":87,"column":79}}},"fnMap":{"0":{"name":"loadBridgeFilmActor","decl":{"start":{"line":8,"column":22},"end":{"line":8,"column":41}},"loc":{"start":{"line":8,"column":41},"end":{"line":89,"column":1}}},"1":{"name":"(anonymous_1)","decl":{"start":{"line":24,"column":35},"end":{"line":24,"column":37}},"loc":{"start":{"line":24,"column":40},"end":{"line":26,"column":5}}},"2":{"name":"(anonymous_2)","decl":{"start":{"line":29,"column":30},"end":{"line":29,"column":31}},"loc":{"start":{"line":29,"column":34},"end":{"line":31,"column":5}}},"3":{"name":"(anonymous_3)","decl":{"start":{"line":34,"column":31},"end":{"line":34,"column":32}},"loc":{"start":{"line":34,"column":35},"end":{"line":36,"column":5}}},"4":{"name":"(anonymous_4)","decl":{"start":{"line":38,"column":41},"end":{"line":38,"column":42}},"loc":{"start":{"line":38,"column":46},"end":{"line":38,"column":69}}},"5":{"name":"(anonymous_5)","decl":{"start":{"line":39,"column":43},"end":{"line":39,"column":44}},"loc":{"start":{"line":39,"column":48},"end":{"line":39,"column":73}}},"6":{"name":"(anonymous_6)","decl":{"start":{"line":55,"column":13},"end":{"line":55,"column":15}},"loc":{"start":{"line":55,"column":18},"end":{"line":74,"column":9}}},"7":{"name":"(anonymous_7)","decl":{"start":{"line":75,"column":16},"end":{"line":75,"column":22}},"loc":{"start":{"line":75,"column":26},"end":{"line":75,"column":41}}}},"branchMap":{"0":{"loc":{"start":{"line":59,"column":12},"end":{"line":61,"column":13}},"type":"if","locations":[{"start":{"line":59,"column":12},"end":{"line":61,"column":13}},{"start":{},"end":{}}]},"1":{"loc":{"start":{"line":62,"column":12},"end":{"line":64,"column":13}},"type":"if","locations":[{"start":{"line":62,"column":12},"end":{"line":64,"column":13}},{"start":{},"end":{}}]},"2":{"loc":{"start":{"line":66,"column":12},"end":{"line":72,"column":13}},"type":"if","locations":[{"start":{"line":66,"column":12},"end":{"line":72,"column":13}},{"start":{},"end":{}}]},"3":{"loc":{"start":{"line":66,"column":16},"end":{"line":66,"column":35}},"type":"binary-expr","locations":[{"start":{"line":66,"column":16},"end":{"line":66,"column":23}},{"start":{"line":66,"column":27},"end":{"line":66,"column":35}}]},"4":{"loc":{"start":{"line":83,"column":4},"end":{"line":88,"column":5}},"type":"if","locations":[{"start":{"line":83,"column":4},"end":{"line":88,"column":5}},{"start":{},"end":{}}]}},"s":{"0":2,"1":2,"2":2,"3":2,"4":2,"5":2,"6":2,"7":2,"8":2,"9":2,"10":2,"11":2,"12":2,"13":2,"14":2,"15":2,"16":2,"17":2,"18":2,"19":2,"20":10,"21":2,"22":2,"23":10,"24":2,"25":2,"26":10,"27":2,"28":2000,"29":2,"30":405,"31":2,"32":2,"33":2,"34":2,"35":2,"36":2,"37":2,"38":2,"39":2,"40":2,"41":2,"42":10924,"43":10924,"44":10924,"45":0,"46":10924,"47":0,"48":10924,"49":10924,"50":10924,"51":0,"52":10924,"53":2,"54":2,"55":2,"56":2,"57":2,"58":2,"59":2,"60":2,"61":2},"f":{"0":2,"1":10,"2":10,"3":10,"4":2000,"5":405,"6":10924,"7":10924},"b":{"0":[0,10924],"1":[0,10924],"2":[10924,0],"3":[10924,10924],"4":[2,0]}}
,"C:\\Users\\apham\\Assignment4\\src\\load\\loadBridgeFilmCategory.ts": {"path":"C:\\Users\\apham\\Assignment4\\src\\load\\loadBridgeFilmCategory.ts","statementMap":{"0":{"start":{"line":8,"column":0},"end":{"line":8,"column":7}},"1":{"start":{"line":1,"column":0},"end":{"line":1,"column":47}},"2":{"start":{"line":2,"column":0},"end":{"line":2,"column":50}},"3":{"start":{"line":3,"column":0},"end":{"line":3,"column":61}},"4":{"start":{"line":4,"column":0},"end":{"line":4,"column":73}},"5":{"start":{"line":5,"column":0},"end":{"line":5,"column":51}},"6":{"start":{"line":6,"column":0},"end":{"line":6,"column":59}},"7":{"start":{"line":9,"column":29},"end":{"line":9,"column":70}},"8":{"start":{"line":10,"column":23},"end":{"line":10,"column":73}},"9":{"start":{"line":11,"column":24},"end":{"line":11,"column":63}},"10":{"start":{"line":12,"column":28},"end":{"line":12,"column":71}},"11":{"start":{"line":13,"column":27},"end":{"line":13,"column":56}},"12":{"start":{"line":14,"column":18},"end":{"line":14,"column":42}},"13":{"start":{"line":15,"column":23},"end":{"line":15,"column":51}},"14":{"start":{"line":16,"column":23},"end":{"line":16,"column":71}},"15":{"start":{"line":16,"column":46},"end":{"line":16,"column":69}},"16":{"start":{"line":17,"column":27},"end":{"line":17,"column":88}},"17":{"start":{"line":17,"column":55},"end":{"line":17,"column":86}},"18":{"start":{"line":18,"column":26},"end":{"line":31,"column":42}},"19":{"start":{"line":20,"column":28},"end":{"line":20,"column":54}},"20":{"start":{"line":21,"column":32},"end":{"line":21,"column":66}},"21":{"start":{"line":23,"column":12},"end":{"line":28,"column":13}},"22":{"start":{"line":24,"column":16},"end":{"line":27,"column":18}},"23":{"start":{"line":29,"column":12},"end":{"line":29,"column":24}},"24":{"start":{"line":31,"column":26},"end":{"line":31,"column":41}},"25":{"start":{"line":32,"column":4},"end":{"line":35,"column":5}},"26":{"start":{"line":33,"column":8},"end":{"line":33,"column":77}},"27":{"start":{"line":34,"column":8},"end":{"line":34,"column":82}}},"fnMap":{"0":{"name":"loadBridgeFilmCategory","decl":{"start":{"line":8,"column":22},"end":{"line":8,"column":44}},"loc":{"start":{"line":8,"column":44},"end":{"line":36,"column":1}}},"1":{"name":"(anonymous_1)","decl":{"start":{"line":16,"column":41},"end":{"line":16,"column":42}},"loc":{"start":{"line":16,"column":46},"end":{"line":16,"column":69}}},"2":{"name":"(anonymous_2)","decl":{"start":{"line":17,"column":50},"end":{"line":17,"column":51}},"loc":{"start":{"line":17,"column":55},"end":{"line":17,"column":86}}},"3":{"name":"(anonymous_3)","decl":{"start":{"line":19,"column":13},"end":{"line":19,"column":15}},"loc":{"start":{"line":19,"column":18},"end":{"line":30,"column":9}}},"4":{"name":"(anonymous_4)","decl":{"start":{"line":31,"column":16},"end":{"line":31,"column":22}},"loc":{"start":{"line":31,"column":26},"end":{"line":31,"column":41}}}},"branchMap":{"0":{"loc":{"start":{"line":23,"column":12},"end":{"line":28,"column":13}},"type":"if","locations":[{"start":{"line":23,"column":12},"end":{"line":28,"column":13}},{"start":{},"end":{}}]},"1":{"loc":{"start":{"line":23,"column":16},"end":{"line":23,"column":38}},"type":"binary-expr","locations":[{"start":{"line":23,"column":16},"end":{"line":23,"column":23}},{"start":{"line":23,"column":27},"end":{"line":23,"column":38}}]},"2":{"loc":{"start":{"line":32,"column":4},"end":{"line":35,"column":5}},"type":"if","locations":[{"start":{"line":32,"column":4},"end":{"line":35,"column":5}},{"start":{},"end":{}}]}},"s":{"0":2,"1":2,"2":2,"3":2,"4":2,"5":2,"6":2,"7":2,"8":2,"9":2,"10":2,"11":2,"12":2,"13":2,"14":2,"15":2000,"16":2,"17":32,"18":2,"19":2000,"20":2000,"21":2000,"22":2000,"23":0,"24":2000,"25":2,"26":2,"27":2},"f":{"0":2,"1":2000,"2":32,"3":2000,"4":2000},"b":{"0":[2000,0],"1":[2000,2000],"2":[2,0]}}
,"C:\\Users\\apham\\Assignment4\\src\\load\\loadDimActor.ts": {"path":"C:\\Users\\apham\\Assignment4\\src\\load\\loadDimActor.ts","statementMap":{"0":{"start":{"line":6,"column":0},"end":{"line":6,"column":7}},"1":{"start":{"line":1,"column":0},"end":{"line":1,"column":47}},"2":{"start":{"line":2,"column":0},"end":{"line":2,"column":50}},"3":{"start":{"line":3,"column":0},"end":{"line":3,"column":47}},"4":{"start":{"line":4,"column":0},"end":{"line":4,"column":53}},"5":{"start":{"line":7,"column":22},"end":{"line":7,"column":56}},"6":{"start":{"line":8,"column":25},"end":{"line":8,"column":65}},"7":{"start":{"line":10,"column":16},"end":{"line":10,"column":49}},"8":{"start":{"line":12,"column":4},"end":{"line":17,"column":5}},"9":{"start":{"line":13,"column":8},"end":{"line":13,"column":85}},"10":{"start":{"line":14,"column":8},"end":{"line":14,"column":85}},"11":{"start":{"line":16,"column":8},"end":{"line":16,"column":60}},"12":{"start":{"line":19,"column":19},"end":{"line":19,"column":40}},"13":{"start":{"line":21,"column":4},"end":{"line":24,"column":5}},"14":{"start":{"line":22,"column":8},"end":{"line":22,"column":53}},"15":{"start":{"line":23,"column":8},"end":{"line":23,"column":15}},"16":{"start":{"line":26,"column":22},"end":{"line":31,"column":7}},"17":{"start":{"line":26,"column":39},"end":{"line":31,"column":6}},"18":{"start":{"line":33,"column":4},"end":{"line":33,"column":55}},"19":{"start":{"line":34,"column":4},"end":{"line":34,"column":55}}},"fnMap":{"0":{"name":"loadDimActor","decl":{"start":{"line":6,"column":22},"end":{"line":6,"column":34}},"loc":{"start":{"line":6,"column":67},"end":{"line":35,"column":1}}},"1":{"name":"(anonymous_1)","decl":{"start":{"line":26,"column":33},"end":{"line":26,"column":34}},"loc":{"start":{"line":26,"column":39},"end":{"line":31,"column":6}}}},"branchMap":{"0":{"loc":{"start":{"line":6,"column":35},"end":{"line":6,"column":67}},"type":"default-arg","locations":[{"start":{"line":6,"column":63},"end":{"line":6,"column":67}}]},"1":{"loc":{"start":{"line":12,"column":4},"end":{"line":17,"column":5}},"type":"if","locations":[{"start":{"line":12,"column":4},"end":{"line":17,"column":5}},{"start":{"line":15,"column":11},"end":{"line":17,"column":5}}]},"2":{"loc":{"start":{"line":21,"column":4},"end":{"line":24,"column":5}},"type":"if","locations":[{"start":{"line":21,"column":4},"end":{"line":24,"column":5}},{"start":{},"end":{}}]}},"s":{"0":3,"1":3,"2":3,"3":3,"4":3,"5":5,"6":5,"7":5,"8":5,"9":1,"10":1,"11":4,"12":5,"13":5,"14":0,"15":0,"16":5,"17":809,"18":5,"19":5},"f":{"0":5,"1":809},"b":{"0":[4],"1":[1,4],"2":[0,5]}}
,"C:\\Users\\apham\\Assignment4\\src\\load\\loadDimCategory.ts": {"path":"C:\\Users\\apham\\Assignment4\\src\\load\\loadDimCategory.ts","statementMap":{"0":{"start":{"line":6,"column":0},"end":{"line":6,"column":7}},"1":{"start":{"line":1,"column":0},"end":{"line":1,"column":45}},"2":{"start":{"line":2,"column":0},"end":{"line":2,"column":48}},"3":{"start":{"line":3,"column":0},"end":{"line":3,"column":51}},"4":{"start":{"line":4,"column":0},"end":{"line":4,"column":57}},"5":{"start":{"line":7,"column":25},"end":{"line":7,"column":62}},"6":{"start":{"line":8,"column":28},"end":{"line":8,"column":71}},"7":{"start":{"line":11,"column":16},"end":{"line":11,"column":58}},"8":{"start":{"line":13,"column":4},"end":{"line":18,"column":5}},"9":{"start":{"line":14,"column":8},"end":{"line":14,"column":85}},"10":{"start":{"line":15,"column":8},"end":{"line":15,"column":89}},"11":{"start":{"line":17,"column":8},"end":{"line":17,"column":64}},"12":{"start":{"line":20,"column":23},"end":{"line":20,"column":44}},"13":{"start":{"line":22,"column":4},"end":{"line":25,"column":5}},"14":{"start":{"line":23,"column":8},"end":{"line":23,"column":57}},"15":{"start":{"line":24,"column":8},"end":{"line":24,"column":15}},"16":{"start":{"line":27,"column":26},"end":{"line":31,"column":7}},"17":{"start":{"line":27,"column":47},"end":{"line":31,"column":6}},"18":{"start":{"line":34,"column":8},"end":{"line":34,"column":69}},"19":{"start":{"line":35,"column":8},"end":{"line":35,"column":65}}},"fnMap":{"0":{"name":"loadDimCategory","decl":{"start":{"line":6,"column":22},"end":{"line":6,"column":37}},"loc":{"start":{"line":6,"column":70},"end":{"line":37,"column":1}}},"1":{"name":"(anonymous_1)","decl":{"start":{"line":27,"column":41},"end":{"line":27,"column":42}},"loc":{"start":{"line":27,"column":47},"end":{"line":31,"column":6}}}},"branchMap":{"0":{"loc":{"start":{"line":6,"column":38},"end":{"line":6,"column":70}},"type":"default-arg","locations":[{"start":{"line":6,"column":66},"end":{"line":6,"column":70}}]},"1":{"loc":{"start":{"line":13,"column":4},"end":{"line":18,"column":5}},"type":"if","locations":[{"start":{"line":13,"column":4},"end":{"line":18,"column":5}},{"start":{"line":16,"column":11},"end":{"line":18,"column":5}}]},"2":{"loc":{"start":{"line":22,"column":4},"end":{"line":25,"column":5}},"type":"if","locations":[{"start":{"line":22,"column":4},"end":{"line":25,"column":5}},{"start":{},"end":{}}]}},"s":{"0":2,"1":2,"2":2,"3":2,"4":2,"5":2,"6":2,"7":2,"8":2,"9":0,"10":0,"11":2,"12":2,"13":2,"14":0,"15":0,"16":2,"17":32,"18":2,"19":2},"f":{"0":2,"1":32},"b":{"0":[2],"1":[0,2],"2":[0,2]}}
,"C:\\Users\\apham\\Assignment4\\src\\load\\loadDimCustomer.ts": {"path":"C:\\Users\\apham\\Assignment4\\src\\load\\loadDimCustomer.ts","statementMap":{"0":{"start":{"line":6,"column":0},"end":{"line":6,"column":7}},"1":{"start":{"line":1,"column":0},"end":{"line":1,"column":47}},"2":{"start":{"line":2,"column":0},"end":{"line":2,"column":50}},"3":{"start":{"line":3,"column":0},"end":{"line":3,"column":53}},"4":{"start":{"line":4,"column":0},"end":{"line":4,"column":59}},"5":{"start":{"line":7,"column":25},"end":{"line":7,"column":62}},"6":{"start":{"line":8,"column":28},"end":{"line":8,"column":71}},"7":{"start":{"line":15,"column":16},"end":{"line":19,"column":53}},"8":{"start":{"line":21,"column":4},"end":{"line":26,"column":5}},"9":{"start":{"line":22,"column":8},"end":{"line":22,"column":85}},"10":{"start":{"line":23,"column":8},"end":{"line":23,"column":88}},"11":{"start":{"line":25,"column":8},"end":{"line":25,"column":63}},"12":{"start":{"line":28,"column":22},"end":{"line":28,"column":43}},"13":{"start":{"line":30,"column":4},"end":{"line":33,"column":5}},"14":{"start":{"line":31,"column":8},"end":{"line":31,"column":56}},"15":{"start":{"line":32,"column":8},"end":{"line":32,"column":15}},"16":{"start":{"line":35,"column":25},"end":{"line":43,"column":7}},"17":{"start":{"line":35,"column":45},"end":{"line":43,"column":6}},"18":{"start":{"line":45,"column":8},"end":{"line":45,"column":68}},"19":{"start":{"line":46,"column":8},"end":{"line":46,"column":63}}},"fnMap":{"0":{"name":"loadDimCustomer","decl":{"start":{"line":6,"column":22},"end":{"line":6,"column":37}},"loc":{"start":{"line":6,"column":70},"end":{"line":48,"column":1}}},"1":{"name":"(anonymous_1)","decl":{"start":{"line":35,"column":39},"end":{"line":35,"column":40}},"loc":{"start":{"line":35,"column":45},"end":{"line":43,"column":6}}}},"branchMap":{"0":{"loc":{"start":{"line":6,"column":38},"end":{"line":6,"column":70}},"type":"default-arg","locations":[{"start":{"line":6,"column":66},"end":{"line":6,"column":70}}]},"1":{"loc":{"start":{"line":21,"column":4},"end":{"line":26,"column":5}},"type":"if","locations":[{"start":{"line":21,"column":4},"end":{"line":26,"column":5}},{"start":{"line":24,"column":11},"end":{"line":26,"column":5}}]},"2":{"loc":{"start":{"line":30,"column":4},"end":{"line":33,"column":5}},"type":"if","locations":[{"start":{"line":30,"column":4},"end":{"line":33,"column":5}},{"start":{},"end":{}}]},"3":{"loc":{"start":{"line":39,"column":16},"end":{"line":39,"column":32}},"type":"cond-expr","locations":[{"start":{"line":39,"column":27},"end":{"line":39,"column":28}},{"start":{"line":39,"column":31},"end":{"line":39,"column":32}}]},"4":{"loc":{"start":{"line":40,"column":14},"end":{"line":40,"column":48}},"type":"binary-expr","locations":[{"start":{"line":40,"column":14},"end":{"line":40,"column":35}},{"start":{"line":40,"column":39},"end":{"line":40,"column":48}}]},"5":{"loc":{"start":{"line":41,"column":17},"end":{"line":41,"column":63}},"type":"binary-expr","locations":[{"start":{"line":41,"column":17},"end":{"line":41,"column":50}},{"start":{"line":41,"column":54},"end":{"line":41,"column":63}}]}},"s":{"0":2,"1":2,"2":2,"3":2,"4":2,"5":2,"6":2,"7":2,"8":2,"9":0,"10":0,"11":2,"12":2,"13":2,"14":0,"15":0,"16":2,"17":1198,"18":2,"19":2},"f":{"0":2,"1":1198},"b":{"0":[2],"1":[0,2],"2":[0,2],"3":[1168,30],"4":[1198,0],"5":[1198,0]}}
,"C:\\Users\\apham\\Assignment4\\src\\load\\loadDimDate.ts": {"path":"C:\\Users\\apham\\Assignment4\\src\\load\\loadDimDate.ts","statementMap":{"0":{"start":{"line":4,"column":0},"end":{"line":4,"column":7}},"1":{"start":{"line":1,"column":0},"end":{"line":1,"column":50}},"2":{"start":{"line":2,"column":0},"end":{"line":2,"column":51}},"3":{"start":{"line":5,"column":24},"end":{"line":5,"column":63}},"4":{"start":{"line":6,"column":22},"end":{"line":6,"column":44}},"5":{"start":{"line":7,"column":20},"end":{"line":7,"column":42}},"6":{"start":{"line":8,"column":25},"end":{"line":8,"column":27}},"7":{"start":{"line":9,"column":4},"end":{"line":26,"column":5}},"8":{"start":{"line":9,"column":17},"end":{"line":9,"column":36}},"9":{"start":{"line":10,"column":28},"end":{"line":10,"column":39}},"10":{"start":{"line":11,"column":21},"end":{"line":11,"column":46}},"11":{"start":{"line":12,"column":22},"end":{"line":12,"column":48}},"12":{"start":{"line":13,"column":20},"end":{"line":13,"column":41}},"13":{"start":{"line":14,"column":26},"end":{"line":14,"column":46}},"14":{"start":{"line":16,"column":8},"end":{"line":25,"column":11}},"15":{"start":{"line":27,"column":4},"end":{"line":30,"column":5}},"16":{"start":{"line":28,"column":8},"end":{"line":28,"column":54}},"17":{"start":{"line":29,"column":8},"end":{"line":29,"column":52}}},"fnMap":{"0":{"name":"loadDimDate","decl":{"start":{"line":4,"column":22},"end":{"line":4,"column":33}},"loc":{"start":{"line":4,"column":33},"end":{"line":31,"column":1}}}},"branchMap":{"0":{"loc":{"start":{"line":24,"column":24},"end":{"line":24,"column":68}},"type":"cond-expr","locations":[{"start":{"line":24,"column":63},"end":{"line":24,"column":64}},{"start":{"line":24,"column":67},"end":{"line":24,"column":68}}]},"1":{"loc":{"start":{"line":24,"column":25},"end":{"line":24,"column":59}},"type":"binary-expr","locations":[{"start":{"line":24,"column":25},"end":{"line":24,"column":40}},{"start":{"line":24,"column":44},"end":{"line":24,"column":59}}]},"2":{"loc":{"start":{"line":27,"column":4},"end":{"line":30,"column":5}},"type":"if","locations":[{"start":{"line":27,"column":4},"end":{"line":30,"column":5}},{"start":{},"end":{}}]}},"s":{"0":1,"1":1,"2":1,"3":1,"4":1,"5":1,"6":1,"7":1,"8":1,"9":7670,"10":7670,"11":7670,"12":7670,"13":7670,"14":7670,"15":1,"16":1,"17":1},"f":{"0":1},"b":{"0":[2192,5478],"1":[7670,6574],"2":[1,0]}}
,"C:\\Users\\apham\\Assignment4\\src\\load\\loadDimFilm.ts": {"path":"C:\\Users\\apham\\Assignment4\\src\\load\\loadDimFilm.ts","statementMap":{"0":{"start":{"line":6,"column":0},"end":{"line":6,"column":7}},"1":{"start":{"line":1,"column":0},"end":{"line":1,"column":45}},"2":{"start":{"line":2,"column":0},"end":{"line":2,"column":48}},"3":{"start":{"line":3,"column":0},"end":{"line":3,"column":43}},"4":{"start":{"line":4,"column":0},"end":{"line":4,"column":49}},"5":{"start":{"line":7,"column":21},"end":{"line":7,"column":54}},"6":{"start":{"line":8,"column":24},"end":{"line":8,"column":63}},"7":{"start":{"line":15,"column":16},"end":{"line":17,"column":48}},"8":{"start":{"line":19,"column":4},"end":{"line":24,"column":5}},"9":{"start":{"line":20,"column":8},"end":{"line":20,"column":85}},"10":{"start":{"line":21,"column":8},"end":{"line":21,"column":84}},"11":{"start":{"line":23,"column":8},"end":{"line":23,"column":59}},"12":{"start":{"line":26,"column":18},"end":{"line":26,"column":39}},"13":{"start":{"line":29,"column":21},"end":{"line":37,"column":7}},"14":{"start":{"line":29,"column":37},"end":{"line":37,"column":6}},"15":{"start":{"line":40,"column":4},"end":{"line":43,"column":5}},"16":{"start":{"line":41,"column":8},"end":{"line":41,"column":56}},"17":{"start":{"line":42,"column":8},"end":{"line":42,"column":68}}},"fnMap":{"0":{"name":"loadDimFilm","decl":{"start":{"line":6,"column":22},"end":{"line":6,"column":33}},"loc":{"start":{"line":6,"column":66},"end":{"line":45,"column":1}}},"1":{"name":"(anonymous_1)","decl":{"start":{"line":29,"column":31},"end":{"line":29,"column":32}},"loc":{"start":{"line":29,"column":37},"end":{"line":37,"column":6}}}},"branchMap":{"0":{"loc":{"start":{"line":6,"column":34},"end":{"line":6,"column":66}},"type":"default-arg","locations":[{"start":{"line":6,"column":62},"end":{"line":6,"column":66}}]},"1":{"loc":{"start":{"line":19,"column":4},"end":{"line":24,"column":5}},"type":"if","locations":[{"start":{"line":19,"column":4},"end":{"line":24,"column":5}},{"start":{"line":22,"column":11},"end":{"line":24,"column":5}}]},"2":{"loc":{"start":{"line":40,"column":4},"end":{"line":43,"column":5}},"type":"if","locations":[{"start":{"line":40,"column":4},"end":{"line":43,"column":5}},{"start":{},"end":{}}]}},"s":{"0":3,"1":3,"2":3,"3":3,"4":3,"5":5,"6":5,"7":5,"8":5,"9":1,"10":1,"11":4,"12":5,"13":5,"14":4001,"15":5,"16":5,"17":5},"f":{"0":5,"1":4001},"b":{"0":[4],"1":[1,4],"2":[5,0]}}
,"C:\\Users\\apham\\Assignment4\\src\\load\\loadDimStore.ts": {"path":"C:\\Users\\apham\\Assignment4\\src\\load\\loadDimStore.ts","statementMap":{"0":{"start":{"line":6,"column":0},"end":{"line":6,"column":7}},"1":{"start":{"line":1,"column":0},"end":{"line":1,"column":47}},"2":{"start":{"line":2,"column":0},"end":{"line":2,"column":50}},"3":{"start":{"line":3,"column":0},"end":{"line":3,"column":47}},"4":{"start":{"line":4,"column":0},"end":{"line":4,"column":53}},"5":{"start":{"line":7,"column":22},"end":{"line":7,"column":56}},"6":{"start":{"line":8,"column":25},"end":{"line":8,"column":65}},"7":{"start":{"line":17,"column":16},"end":{"line":21,"column":53}},"8":{"start":{"line":23,"column":4},"end":{"line":28,"column":5}},"9":{"start":{"line":24,"column":8},"end":{"line":24,"column":85}},"10":{"start":{"line":25,"column":8},"end":{"line":25,"column":85}},"11":{"start":{"line":27,"column":8},"end":{"line":27,"column":60}},"12":{"start":{"line":30,"column":19},"end":{"line":30,"column":40}},"13":{"start":{"line":32,"column":4},"end":{"line":35,"column":5}},"14":{"start":{"line":33,"column":8},"end":{"line":33,"column":53}},"15":{"start":{"line":34,"column":8},"end":{"line":34,"column":15}},"16":{"start":{"line":37,"column":22},"end":{"line":42,"column":7}},"17":{"start":{"line":37,"column":39},"end":{"line":42,"column":6}},"18":{"start":{"line":45,"column":8},"end":{"line":45,"column":59}},"19":{"start":{"line":46,"column":8},"end":{"line":46,"column":57}}},"fnMap":{"0":{"name":"loadDimStore","decl":{"start":{"line":6,"column":22},"end":{"line":6,"column":34}},"loc":{"start":{"line":6,"column":67},"end":{"line":48,"column":1}}},"1":{"name":"(anonymous_1)","decl":{"start":{"line":37,"column":33},"end":{"line":37,"column":34}},"loc":{"start":{"line":37,"column":39},"end":{"line":42,"column":6}}}},"branchMap":{"0":{"loc":{"start":{"line":6,"column":35},"end":{"line":6,"column":67}},"type":"default-arg","locations":[{"start":{"line":6,"column":63},"end":{"line":6,"column":67}}]},"1":{"loc":{"start":{"line":23,"column":4},"end":{"line":28,"column":5}},"type":"if","locations":[{"start":{"line":23,"column":4},"end":{"line":28,"column":5}},{"start":{"line":26,"column":11},"end":{"line":28,"column":5}}]},"2":{"loc":{"start":{"line":32,"column":4},"end":{"line":35,"column":5}},"type":"if","locations":[{"start":{"line":32,"column":4},"end":{"line":35,"column":5}},{"start":{},"end":{}}]},"3":{"loc":{"start":{"line":39,"column":14},"end":{"line":39,"column":48}},"type":"binary-expr","locations":[{"start":{"line":39,"column":14},"end":{"line":39,"column":35}},{"start":{"line":39,"column":39},"end":{"line":39,"column":48}}]},"4":{"loc":{"start":{"line":40,"column":17},"end":{"line":40,"column":63}},"type":"binary-expr","locations":[{"start":{"line":40,"column":17},"end":{"line":40,"column":50}},{"start":{"line":40,"column":54},"end":{"line":40,"column":63}}]}},"s":{"0":2,"1":2,"2":2,"3":2,"4":2,"5":2,"6":2,"7":2,"8":2,"9":0,"10":0,"11":2,"12":2,"13":2,"14":0,"15":0,"16":2,"17":4,"18":2,"19":2},"f":{"0":2,"1":4},"b":{"0":[2],"1":[0,2],"2":[0,2],"3":[4,0],"4":[4,0]}}
,"C:\\Users\\apham\\Assignment4\\src\\load\\loadFactPayment.ts": {"path":"C:\\Users\\apham\\Assignment4\\src\\load\\loadFactPayment.ts","statementMap":{"0":{"start":{"line":10,"column":0},"end":{"line":10,"column":7}},"1":{"start":{"line":1,"column":0},"end":{"line":1,"column":47}},"2":{"start":{"line":2,"column":0},"end":{"line":2,"column":50}},"3":{"start":{"line":3,"column":0},"end":{"line":3,"column":51}},"4":{"start":{"line":4,"column":0},"end":{"line":4,"column":47}},"5":{"start":{"line":5,"column":0},"end":{"line":5,"column":59}},"6":{"start":{"line":6,"column":0},"end":{"line":6,"column":59}},"7":{"start":{"line":7,"column":0},"end":{"line":7,"column":53}},"8":{"start":{"line":8,"column":0},"end":{"line":8,"column":52}},"9":{"start":{"line":11,"column":24},"end":{"line":11,"column":60}},"10":{"start":{"line":12,"column":22},"end":{"line":12,"column":56}},"11":{"start":{"line":13,"column":28},"end":{"line":13,"column":71}},"12":{"start":{"line":14,"column":28},"end":{"line":14,"column":71}},"13":{"start":{"line":15,"column":25},"end":{"line":15,"column":65}},"14":{"start":{"line":18,"column":16},"end":{"line":18,"column":51}},"15":{"start":{"line":20,"column":4},"end":{"line":25,"column":5}},"16":{"start":{"line":21,"column":8},"end":{"line":21,"column":85}},"17":{"start":{"line":22,"column":8},"end":{"line":22,"column":87}},"18":{"start":{"line":24,"column":8},"end":{"line":24,"column":62}},"19":{"start":{"line":27,"column":21},"end":{"line":27,"column":42}},"20":{"start":{"line":29,"column":4},"end":{"line":32,"column":5}},"21":{"start":{"line":30,"column":8},"end":{"line":30,"column":55}},"22":{"start":{"line":31,"column":8},"end":{"line":31,"column":15}},"23":{"start":{"line":34,"column":25},"end":{"line":34,"column":47}},"24":{"start":{"line":35,"column":26},"end":{"line":36,"column":null}},"25":{"start":{"line":36,"column":30},"end":{"line":36,"column":54}},"26":{"start":{"line":38,"column":22},"end":{"line":38,"column":50}},"27":{"start":{"line":39,"column":19},"end":{"line":39,"column":44}},"28":{"start":{"line":40,"column":27},"end":{"line":40,"column":87}},"29":{"start":{"line":40,"column":54},"end":{"line":40,"column":85}},"30":{"start":{"line":41,"column":24},"end":{"line":41,"column":75}},"31":{"start":{"line":41,"column":48},"end":{"line":41,"column":73}},"32":{"start":{"line":42,"column":25},"end":{"line":65,"column":42}},"33":{"start":{"line":44,"column":28},"end":{"line":44,"column":57}},"34":{"start":{"line":45,"column":12},"end":{"line":45,"column":38}},"35":{"start":{"line":45,"column":26},"end":{"line":45,"column":38}},"36":{"start":{"line":47,"column":32},"end":{"line":47,"column":65}},"37":{"start":{"line":48,"column":29},"end":{"line":48,"column":53}},"38":{"start":{"line":51,"column":12},"end":{"line":51,"column":55}},"39":{"start":{"line":51,"column":43},"end":{"line":51,"column":55}},"40":{"start":{"line":53,"column":32},"end":{"line":53,"column":58}},"41":{"start":{"line":54,"column":12},"end":{"line":54,"column":42}},"42":{"start":{"line":54,"column":30},"end":{"line":54,"column":42}},"43":{"start":{"line":56,"column":12},"end":{"line":63,"column":14}},"44":{"start":{"line":65,"column":26},"end":{"line":65,"column":41}},"45":{"start":{"line":67,"column":4},"end":{"line":70,"column":5}},"46":{"start":{"line":68,"column":8},"end":{"line":68,"column":67}},"47":{"start":{"line":69,"column":8},"end":{"line":69,"column":67}}},"fnMap":{"0":{"name":"loadFactPayment","decl":{"start":{"line":10,"column":22},"end":{"line":10,"column":37}},"loc":{"start":{"line":10,"column":70},"end":{"line":71,"column":1}}},"1":{"name":"(anonymous_1)","decl":{"start":{"line":36,"column":25},"end":{"line":36,"column":26}},"loc":{"start":{"line":36,"column":30},"end":{"line":36,"column":54}}},"2":{"name":"(anonymous_2)","decl":{"start":{"line":40,"column":49},"end":{"line":40,"column":50}},"loc":{"start":{"line":40,"column":54},"end":{"line":40,"column":85}}},"3":{"name":"(anonymous_3)","decl":{"start":{"line":41,"column":43},"end":{"line":41,"column":44}},"loc":{"start":{"line":41,"column":48},"end":{"line":41,"column":73}}},"4":{"name":"(anonymous_4)","decl":{"start":{"line":43,"column":13},"end":{"line":43,"column":14}},"loc":{"start":{"line":43,"column":17},"end":{"line":64,"column":9}}},"5":{"name":"(anonymous_5)","decl":{"start":{"line":65,"column":16},"end":{"line":65,"column":22}},"loc":{"start":{"line":65,"column":26},"end":{"line":65,"column":41}}}},"branchMap":{"0":{"loc":{"start":{"line":10,"column":38},"end":{"line":10,"column":70}},"type":"default-arg","locations":[{"start":{"line":10,"column":66},"end":{"line":10,"column":70}}]},"1":{"loc":{"start":{"line":20,"column":4},"end":{"line":25,"column":5}},"type":"if","locations":[{"start":{"line":20,"column":4},"end":{"line":25,"column":5}},{"start":{"line":23,"column":11},"end":{"line":25,"column":5}}]},"2":{"loc":{"start":{"line":29,"column":4},"end":{"line":32,"column":5}},"type":"if","locations":[{"start":{"line":29,"column":4},"end":{"line":32,"column":5}},{"start":{},"end":{}}]},"3":{"loc":{"start":{"line":45,"column":12},"end":{"line":45,"column":38}},"type":"if","locations":[{"start":{"line":45,"column":12},"end":{"line":45,"column":38}},{"start":{},"end":{}}]},"4":{"loc":{"start":{"line":51,"column":12},"end":{"line":51,"column":55}},"type":"if","locations":[{"start":{"line":51,"column":12},"end":{"line":51,"column":55}},{"start":{},"end":{}}]},"5":{"loc":{"start":{"line":51,"column":16},"end":{"line":51,"column":41}},"type":"binary-expr","locations":[{"start":{"line":51,"column":16},"end":{"line":51,"column":28}},{"start":{"line":51,"column":32},"end":{"line":51,"column":41}}]},"6":{"loc":{"start":{"line":54,"column":12},"end":{"line":54,"column":42}},"type":"if","locations":[{"start":{"line":54,"column":12},"end":{"line":54,"column":42}},{"start":{},"end":{}}]},"7":{"loc":{"start":{"line":67,"column":4},"end":{"line":70,"column":5}},"type":"if","locations":[{"start":{"line":67,"column":4},"end":{"line":70,"column":5}},{"start":{},"end":{}}]}},"s":{"0":2,"1":2,"2":2,"3":2,"4":2,"5":2,"6":2,"7":2,"8":2,"9":2,"10":2,"11":2,"12":2,"13":2,"14":2,"15":2,"16":0,"17":0,"18":2,"19":2,"20":2,"21":0,"22":0,"23":2,"24":2,"25":4,"26":2,"27":2,"28":2,"29":1198,"30":2,"31":4,"32":2,"33":32088,"34":32088,"35":0,"36":32088,"37":32088,"38":32088,"39":0,"40":32088,"41":32088,"42":0,"43":32088,"44":32088,"45":2,"46":2,"47":2},"f":{"0":2,"1":4,"2":1198,"3":4,"4":32088,"5":32088},"b":{"0":[2],"1":[0,2],"2":[0,2],"3":[0,32088],"4":[0,32088],"5":[32088,32088],"6":[0,32088],"7":[2,0]}}
,"C:\\Users\\apham\\Assignment4\\src\\load\\loadFactRental.ts": {"path":"C:\\Users\\apham\\Assignment4\\src\\load\\loadFactRental.ts","statementMap":{"0":{"start":{"line":11,"column":0},"end":{"line":11,"column":7}},"1":{"start":{"line":1,"column":0},"end":{"line":1,"column":47}},"2":{"start":{"line":2,"column":0},"end":{"line":2,"column":50}},"3":{"start":{"line":3,"column":0},"end":{"line":3,"column":49}},"4":{"start":{"line":4,"column":0},"end":{"line":4,"column":55}},"5":{"start":{"line":5,"column":0},"end":{"line":5,"column":57}},"6":{"start":{"line":6,"column":0},"end":{"line":6,"column":51}},"7":{"start":{"line":7,"column":0},"end":{"line":7,"column":53}},"8":{"start":{"line":8,"column":0},"end":{"line":8,"column":59}},"9":{"start":{"line":9,"column":0},"end":{"line":9,"column":68}},"10":{"start":{"line":12,"column":23},"end":{"line":12,"column":58}},"11":{"start":{"line":13,"column":26},"end":{"line":13,"column":64}},"12":{"start":{"line":14,"column":27},"end":{"line":14,"column":69}},"13":{"start":{"line":15,"column":24},"end":{"line":15,"column":63}},"14":{"start":{"line":16,"column":25},"end":{"line":16,"column":65}},"15":{"start":{"line":17,"column":28},"end":{"line":17,"column":71}},"16":{"start":{"line":20,"column":16},"end":{"line":20,"column":50}},"17":{"start":{"line":22,"column":4},"end":{"line":27,"column":5}},"18":{"start":{"line":23,"column":8},"end":{"line":23,"column":85}},"19":{"start":{"line":24,"column":8},"end":{"line":24,"column":86}},"20":{"start":{"line":26,"column":8},"end":{"line":26,"column":61}},"21":{"start":{"line":28,"column":20},"end":{"line":28,"column":41}},"22":{"start":{"line":30,"column":4},"end":{"line":33,"column":5}},"23":{"start":{"line":31,"column":8},"end":{"line":31,"column":54}},"24":{"start":{"line":32,"column":8},"end":{"line":32,"column":15}},"25":{"start":{"line":35,"column":24},"end":{"line":35,"column":50}},"26":{"start":{"line":36,"column":25},"end":{"line":40,"column":null}},"27":{"start":{"line":37,"column":31},"end":{"line":40,"column":10}},"28":{"start":{"line":42,"column":18},"end":{"line":42,"column":42}},"29":{"start":{"line":43,"column":19},"end":{"line":43,"column":44}},"30":{"start":{"line":44,"column":22},"end":{"line":44,"column":50}},"31":{"start":{"line":45,"column":23},"end":{"line":45,"column":71}},"32":{"start":{"line":45,"column":46},"end":{"line":45,"column":69}},"33":{"start":{"line":46,"column":24},"end":{"line":46,"column":75}},"34":{"start":{"line":46,"column":48},"end":{"line":46,"column":73}},"35":{"start":{"line":47,"column":27},"end":{"line":47,"column":87}},"36":{"start":{"line":47,"column":54},"end":{"line":47,"column":85}},"37":{"start":{"line":48,"column":24},"end":{"line":76,"column":42}},"38":{"start":{"line":50,"column":30},"end":{"line":50,"column":62}},"39":{"start":{"line":51,"column":12},"end":{"line":51,"column":40}},"40":{"start":{"line":51,"column":28},"end":{"line":51,"column":40}},"41":{"start":{"line":53,"column":28},"end":{"line":53,"column":61}},"42":{"start":{"line":54,"column":29},"end":{"line":54,"column":64}},"43":{"start":{"line":55,"column":32},"end":{"line":55,"column":65}},"44":{"start":{"line":57,"column":12},"end":{"line":57,"column":67}},"45":{"start":{"line":57,"column":55},"end":{"line":57,"column":67}},"46":{"start":{"line":59,"column":34},"end":{"line":59,"column":59}},"47":{"start":{"line":60,"column":36},"end":{"line":60,"column":61}},"48":{"start":{"line":61,"column":35},"end":{"line":61,"column":79}},"49":{"start":{"line":63,"column":12},"end":{"line":63,"column":44}},"50":{"start":{"line":63,"column":32},"end":{"line":63,"column":44}},"51":{"start":{"line":65,"column":12},"end":{"line":74,"column":14}},"52":{"start":{"line":76,"column":26},"end":{"line":76,"column":41}},"53":{"start":{"line":78,"column":4},"end":{"line":81,"column":5}},"54":{"start":{"line":79,"column":8},"end":{"line":79,"column":64}},"55":{"start":{"line":80,"column":8},"end":{"line":80,"column":65}}},"fnMap":{"0":{"name":"loadFactRental","decl":{"start":{"line":11,"column":22},"end":{"line":11,"column":36}},"loc":{"start":{"line":11,"column":69},"end":{"line":82,"column":1}}},"1":{"name":"(anonymous_1)","decl":{"start":{"line":37,"column":24},"end":{"line":37,"column":27}},"loc":{"start":{"line":37,"column":31},"end":{"line":40,"column":10}}},"2":{"name":"(anonymous_2)","decl":{"start":{"line":45,"column":41},"end":{"line":45,"column":42}},"loc":{"start":{"line":45,"column":46},"end":{"line":45,"column":69}}},"3":{"name":"(anonymous_3)","decl":{"start":{"line":46,"column":43},"end":{"line":46,"column":44}},"loc":{"start":{"line":46,"column":48},"end":{"line":46,"column":73}}},"4":{"name":"(anonymous_4)","decl":{"start":{"line":47,"column":49},"end":{"line":47,"column":50}},"loc":{"start":{"line":47,"column":54},"end":{"line":47,"column":85}}},"5":{"name":"(anonymous_5)","decl":{"start":{"line":49,"column":13},"end":{"line":49,"column":14}},"loc":{"start":{"line":49,"column":17},"end":{"line":75,"column":9}}},"6":{"name":"(anonymous_6)","decl":{"start":{"line":76,"column":16},"end":{"line":76,"column":22}},"loc":{"start":{"line":76,"column":26},"end":{"line":76,"column":41}}}},"branchMap":{"0":{"loc":{"start":{"line":11,"column":37},"end":{"line":11,"column":69}},"type":"default-arg","locations":[{"start":{"line":11,"column":65},"end":{"line":11,"column":69}}]},"1":{"loc":{"start":{"line":22,"column":4},"end":{"line":27,"column":5}},"type":"if","locations":[{"start":{"line":22,"column":4},"end":{"line":27,"column":5}},{"start":{"line":25,"column":11},"end":{"line":27,"column":5}}]},"2":{"loc":{"start":{"line":30,"column":4},"end":{"line":33,"column":5}},"type":"if","locations":[{"start":{"line":30,"column":4},"end":{"line":33,"column":5}},{"start":{},"end":{}}]},"3":{"loc":{"start":{"line":51,"column":12},"end":{"line":51,"column":40}},"type":"if","locations":[{"start":{"line":51,"column":12},"end":{"line":51,"column":40}},{"start":{},"end":{}}]},"4":{"loc":{"start":{"line":57,"column":12},"end":{"line":57,"column":67}},"type":"if","locations":[{"start":{"line":57,"column":12},"end":{"line":57,"column":67}},{"start":{},"end":{}}]},"5":{"loc":{"start":{"line":57,"column":16},"end":{"line":57,"column":53}},"type":"binary-expr","locations":[{"start":{"line":57,"column":16},"end":{"line":57,"column":24}},{"start":{"line":57,"column":28},"end":{"line":57,"column":37}},{"start":{"line":57,"column":41},"end":{"line":57,"column":53}}]},"6":{"loc":{"start":{"line":63,"column":12},"end":{"line":63,"column":44}},"type":"if","locations":[{"start":{"line":63,"column":12},"end":{"line":63,"column":44}},{"start":{},"end":{}}]},"7":{"loc":{"start":{"line":68,"column":35},"end":{"line":68,"column":55}},"type":"binary-expr","locations":[{"start":{"line":68,"column":35},"end":{"line":68,"column":50}},{"start":{"line":68,"column":54},"end":{"line":68,"column":55}}]},"8":{"loc":{"start":{"line":78,"column":4},"end":{"line":81,"column":5}},"type":"if","locations":[{"start":{"line":78,"column":4},"end":{"line":81,"column":5}},{"start":{},"end":{}}]}},"s":{"0":2,"1":2,"2":2,"3":2,"4":2,"5":2,"6":2,"7":2,"8":2,"9":2,"10":2,"11":2,"12":2,"13":2,"14":2,"15":2,"16":2,"17":2,"18":0,"19":0,"20":2,"21":2,"22":2,"23":0,"24":0,"25":2,"26":2,"27":9162,"28":2,"29":2,"30":2,"31":2,"32":2000,"33":2,"34":4,"35":2,"36":1198,"37":2,"38":32088,"39":32088,"40":0,"41":32088,"42":32088,"43":32088,"44":32088,"45":0,"46":32088,"47":32088,"48":32088,"49":32088,"50":0,"51":32088,"52":32088,"53":2,"54":2,"55":2},"f":{"0":2,"1":9162,"2":2000,"3":4,"4":1198,"5":32088,"6":32088},"b":{"0":[2],"1":[0,2],"2":[0,2],"3":[0,32088],"4":[0,32088],"5":[32088,32088,32088],"6":[0,32088],"7":[32088,366],"8":[2,0]}}
,"C:\\Users\\apham\\Assignment4\\src\\sync\\createIndexes.ts": {"path":"C:\\Users\\apham\\Assignment4\\src\\sync\\createIndexes.ts","statementMap":{"0":{"start":{"line":4,"column":0},"end":{"line":4,"column":7}},"1":{"start":{"line":1,"column":0},"end":{"line":1,"column":50}},"2":{"start":{"line":2,"column":0},"end":{"line":2,"column":44}},"3":{"start":{"line":5,"column":4},"end":{"line":5,"column":42}},"4":{"start":{"line":7,"column":24},"end":{"line":7,"column":60}},"5":{"start":{"line":8,"column":4},"end":{"line":8,"column":32}},"6":{"start":{"line":10,"column":4},"end":{"line":189,"column":5}},"7":{"start":{"line":11,"column":8},"end":{"line":11,"column":53}},"8":{"start":{"line":14,"column":29},"end":{"line":14,"column":67}},"9":{"start":{"line":15,"column":30},"end":{"line":15,"column":69}},"10":{"start":{"line":16,"column":33},"end":{"line":16,"column":75}},"11":{"start":{"line":17,"column":33},"end":{"line":17,"column":75}},"12":{"start":{"line":18,"column":30},"end":{"line":18,"column":69}},"13":{"start":{"line":19,"column":29},"end":{"line":19,"column":67}},"14":{"start":{"line":20,"column":32},"end":{"line":20,"column":73}},"15":{"start":{"line":21,"column":33},"end":{"line":21,"column":75}},"16":{"start":{"line":22,"column":37},"end":{"line":22,"column":84}},"17":{"start":{"line":23,"column":40},"end":{"line":23,"column":90}},"18":{"start":{"line":26,"column":8},"end":{"line":31,"column":9}},"19":{"start":{"line":27,"column":12},"end":{"line":30,"column":16}},"20":{"start":{"line":34,"column":8},"end":{"line":39,"column":9}},"21":{"start":{"line":35,"column":12},"end":{"line":38,"column":16}},"22":{"start":{"line":42,"column":8},"end":{"line":47,"column":9}},"23":{"start":{"line":43,"column":12},"end":{"line":46,"column":16}},"24":{"start":{"line":50,"column":8},"end":{"line":63,"column":9}},"25":{"start":{"line":51,"column":12},"end":{"line":54,"column":16}},"26":{"start":{"line":55,"column":12},"end":{"line":58,"column":16}},"27":{"start":{"line":59,"column":12},"end":{"line":62,"column":16}}
[...]
{"line":21,"column":0},"end":{"line":21,"column":55}},"22":{"start":{"line":22,"column":0},"end":{"line":22,"column":47}},"23":{"start":{"line":43,"column":4},"end":{"line":43,"column":51}},"24":{"start":{"line":45,"column":40},"end":{"line":45,"column":42}},"25":{"start":{"line":46,"column":52},"end":{"line":46,"column":54}},"26":{"start":{"line":47,"column":20},"end":{"line":47,"column":25}},"27":{"start":{"line":48,"column":22},"end":{"line":48,"column":27}},"28":{"start":{"line":50,"column":4},"end":{"line":148,"column":5}},"29":{"start":{"line":55,"column":32},"end":{"line":55,"column":79}},"30":{"start":{"line":56,"column":32},"end":{"line":56,"column":85}},"31":{"start":{"line":57,"column":8},"end":{"line":57,"column":88}},"32":{"start":{"line":60,"column":33},"end":{"line":60,"column":81}},"33":{"start":{"line":61,"column":33},"end":{"line":61,"column":87}},"34":{"start":{"line":62,"column":8},"end":{"line":62,"column":91}},"35":{"start":{"line":65,"column":36},"end":{"line":65,"column":87}},"36":{"start":{"line":66,"column":36},"end":{"line":66,"column":93}},"37":{"start":{"line":67,"column":8},"end":{"line":67,"column":101}},"38":{"start":{"line":70,"column":36},"end":{"line":70,"column":87}},"39":{"start":{"line":71,"column":36},"end":{"line":71,"column":93}},"40":{"start":{"line":72,"column":8},"end":{"line":72,"column":100}},"41":{"start":{"line":75,"column":33},"end":{"line":75,"column":81}},"42":{"start":{"line":76,"column":33},"end":{"line":76,"column":87}},"43":{"start":{"line":77,"column":8},"end":{"line":77,"column":91}},"44":{"start":{"line":80,"column":34},"end":{"line":80,"column":83}},"45":{"start":{"line":81,"column":34},"end":{"line":81,"column":90}},"46":{"start":{"line":82,"column":8},"end":{"line":82,"column":94}},"47":{"start":{"line":85,"column":35},"end":{"line":85,"column":85}},"48":{"start":{"line":86,"column":35},"end":{"line":86,"column":92}},"49":{"start":{"line":87,"column":8},"end":{"line":87,"column":97}},"50":{"start":{"line":90,"column":37},"end":{"line":90,"column":89}},"51":{"start":{"line":91,"column":37},"end":{"line":91,"column":98}},"52":{"start":{"line":92,"column":8},"end":{"line":92,"column":109}},"53":{"start":{"line":95,"column":40},"end":{"line":95,"column":95}},"54":{"start":{"line":96,"column":40},"end":{"line":96,"column":104}},"55":{"start":{"line":97,"column":8},"end":{"line":97,"column":118}},"56":{"start":{"line":101,"column":8},"end":{"line":107,"column":11}},"57":{"start":{"line":102,"column":31},"end":{"line":102,"column":94}},"58":{"start":{"line":103,"column":12},"end":{"line":103,"column":241}},"59":{"start":{"line":105,"column":12},"end":{"line":105,"column":54}},"60":{"start":{"line":105,"column":37},"end":{"line":105,"column":54}},"61":{"start":{"line":106,"column":12},"end":{"line":106,"column":59}},"62":{"start":{"line":106,"column":40},"end":{"line":106,"column":59}},"63":{"start":{"line":110,"column":8},"end":{"line":110,"column":53}},"64":{"start":{"line":111,"column":8},"end":{"line":111,"column":36}},"65":{"start":{"line":114,"column":36},"end":{"line":114,"column":65}},"66":{"start":{"line":115,"column":8},"end":{"line":115,"column":51}},"67":{"start":{"line":118,"column":39},"end":{"line":118,"column":70}},"68":{"start":{"line":119,"column":8},"end":{"line":119,"column":57}},"69":{"start":{"line":122,"column":40},"end":{"line":122,"column":72}},"70":{"start":{"line":123,"column":8},"end":{"line":123,"column":58}},"71":{"start":{"line":125,"column":8},"end":{"line":125,"column":55}},"72":{"start":{"line":126,"column":8},"end":{"line":126,"column":36}},"73":{"start":{"line":127,"column":8},"end":{"line":130,"column":11}},"74":{"start":{"line":128,"column":12},"end":{"line":128,"column":54}},"75":{"start":{"line":128,"column":37},"end":{"line":128,"column":54}},"76":{"start":{"line":129,"column":12},"end":{"line":129,"column":59}},"77":{"start":{"line":129,"column":40},"end":{"line":129,"column":59}},"78":{"start":{"line":132,"column":8},"end":{"line":132,"column":43}},"79":{"start":{"line":133,"column":8},"end":{"line":142,"column":9}},"80":{"start":{"line":134,"column":12},"end":{"line":134,"column":73}},"81":{"start":{"line":135,"column":12},"end":{"line":135,"column":84}},"82":{"start":{"line":136,"column":12},"end":{"line":136,"column":54}},"83":{"start":{"line":137,"column":15},"end":{"line":142,"column":9}},"84":{"start":{"line":138,"column":12},"end":{"line":138,"column":59}},"85":{"start":{"line":139,"column":12},"end":{"line":139,"column":78}},"86":{"start":{"line":141,"column":12},"end":{"line":141,"column":70}},"87":{"start":{"line":143,"column":8},"end":{"line":143,"column":43}},"88":{"start":{"line":146,"column":8},"end":{"line":146,"column":53}},"89":{"start":{"line":147,"column":8},"end":{"line":147,"column":20}},"90":{"start":{"line":156,"column":23},"end":{"line":156,"column":48}},"91":{"start":{"line":157,"column":24},"end":{"line":157,"column":78}},"92":{"start":{"line":159,"column":46},"end":{"line":159,"column":52}},"93":{"start":{"line":161,"column":4},"end":{"line":165,"column":5}},"94":{"start":{"line":162,"column":8},"end":{"line":162,"column":24}},"95":{"start":{"line":163,"column":10},"end":{"line":165,"column":5}},"96":{"start":{"line":164,"column":8},"end":{"line":164,"column":27}},"97":{"start":{"line":167,"column":4},"end":{"line":174,"column":6}},"98":{"start":{"line":179,"column":25},"end":{"line":183,"column":20}},"99":{"start":{"line":184,"column":24},"end":{"line":184,"column":60}},"100":{"start":{"line":187,"column":25},"end":{"line":191,"column":20}},"101":{"start":{"line":192,"column":24},"end":{"line":192,"column":60}},"102":{"start":{"line":194,"column":23},"end":{"line":194,"column":48}},"103":{"start":{"line":195,"column":24},"end":{"line":195,"column":78}},"104":{"start":{"line":197,"column":46},"end":{"line":197,"column":52}},"105":{"start":{"line":198,"column":4},"end":{"line":202,"column":5}},"106":{"start":{"line":199,"column":8},"end":{"line":199,"column":24}},"107":{"start":{"line":200,"column":11},"end":{"line":202,"column":5}},"108":{"start":{"line":201,"column":8},"end":{"line":201,"column":27}},"109":{"start":{"line":204,"column":4},"end":{"line":211,"column":6}},"110":{"start":{"line":215,"column":43},"end":{"line":215,"column":45}},"111":{"start":{"line":218,"column":26},"end":{"line":225,"column":21}},"112":{"start":{"line":228,"column":26},"end":{"line":235,"column":21}},"113":{"start":{"line":237,"column":22},"end":{"line":237,"column":86}},"114":{"start":{"line":237,"column":53},"end":{"line":237,"column":84}},"115":{"start":{"line":238,"column":22},"end":{"line":238,"column":86}},"116":{"start":{"line":238,"column":53},"end":{"line":238,"column":84}},"117":{"start":{"line":241,"column":4},"end":{"line":261,"column":5}},"118":{"start":{"line":242,"column":28},"end":{"line":242,"column":55}},"119":{"start":{"line":243,"column":27},"end":{"line":243,"column":52}},"120":{"start":{"line":244,"column":28},"end":{"line":244,"column":82}},"121":{"start":{"line":246,"column":50},"end":{"line":246,"column":56}},"122":{"start":{"line":247,"column":8},"end":{"line":251,"column":9}},"123":{"start":{"line":248,"column":12},"end":{"line":248,"column":28}},"124":{"start":{"line":249,"column":15},"end":{"line":251,"column":9}},"125":{"start":{"line":250,"column":12},"end":{"line":250,"column":31}},"126":{"start":{"line":253,"column":8},"end":{"line":260,"column":11}},"127":{"start":{"line":263,"column":4},"end":{"line":263,"column":19}},"128":{"start":{"line":267,"column":43},"end":{"line":267,"column":45}},"129":{"start":{"line":270,"column":26},"end":{"line":277,"column":21}},"130":{"start":{"line":280,"column":26},"end":{"line":287,"column":21}},"131":{"start":{"line":289,"column":22},"end":{"line":289,"column":88}},"132":{"start":{"line":289,"column":53},"end":{"line":289,"column":86}},"133":{"start":{"line":290,"column":22},"end":{"line":290,"column":88}},"134":{"start":{"line":290,"column":53},"end":{"line":290,"column":86}},"135":{"start":{"line":293,"column":4},"end":{"line":313,"column":5}},"136":{"start":{"line":294,"column":28},"end":{"line":294,"column":55}},"137":{"start":{"line":295,"column":27},"end":{"line":295,"column":52}},"138":{"start":{"line":296,"column":28},"end":{"line":296,"column":82}},"139":{"start":{"line":298,"column":50},"end":{"line":298,"column":56}},"140":{"start":{"line":299,"column":8},"end":{"line":303,"column":9}},"141":{"start":{"line":300,"column":12},"end":{"line":300,"column":28}},"142":{"start":{"line":301,"column":15},"end":{"line":303,"column":9}},"143":{"start":{"line":302,"column":12},"end":{"line":302,"column":31}},"144":{"start":{"line":305,"column":8},"end":{"line":312,"column":11}},"145":{"start":{"line":315,"column":4},"end":{"line":315,"column":19}}},"fnMap":{"0":{"name":"validateData","decl":{"start":{"line":42,"column":22},"end":{"line":42,"column":34}},"loc":{"start":{"line":42,"column":34},"end":{"line":149,"column":1}}},"1":{"name":"(anonymous_1)","decl":{"start":{"line":101,"column":24},"end":{"line":101,"column":25}},"loc":{"start":{"line":101,"column":28},"end":{"line":107,"column":9}}},"2":{"name":"(anonymous_2)","decl":{"start":{"line":127,"column":33},"end":{"line":127,"column":34}},"loc":{"start":{"line":127,"column":37},"end":{"line":130,"column":9}}},"3":{"name":"createValidationResult","decl":{"start":{"line":151,"column":9},"end":{"line":151,"column":31}},"loc":{"start":{"line":154,"column":23},"end":{"line":175,"column":1}}},"4":{"name":"validatePaymentTotals","decl":{"start":{"line":177,"column":15},"end":{"line":177,"column":36}},"loc":{"start":{"line":177,"column":36},"end":{"line":212,"column":1}}},"5":{"name":"validateRentalsPerStore","decl":{"start":{"line":214,"column":15},"end":{"line":214,"column":38}},"loc":{"start":{"line":214,"column":38},"end":{"line":264,"column":1}}},"6":{"name":"(anonymous_6)","decl":{"start":{"line":237,"column":48},"end":{"line":237,"column":49}},"loc":{"start":{"line":237,"column":53},"end":{"line":237,"column":84}}},"7":{"name":"(anonymous_7)","decl":{"start":{"line":238,"column":48},"end":{"line":238,"column":49}},"loc":{"start":{"line":238,"column":53},"end":{"line":238,"column":84}}},"8":{"name":"validatePaymentsPerStore","decl":{"start":{"line":266,"column":15},"end":{"line":266,"column":39}},"loc":{"start":{"line":266,"column":39},"end":{"line":316,"column":1}}},"9":{"name":"(anonymous_9)","decl":{"start":{"line":289,"column":48},"end":{"line":289,"column":49}},"loc":{"start":{"line":289,"column":53},"end":{"line":289,"column":86}}},"10":{"name":"(anonymous_10)","decl":{"start":{"line":290,"column":48},"end":{"line":290,"column":49}},"loc":{"start":{"line":290,"column":53},"end":{"line":290,"column":86}}}},"branchMap":{"0":{"loc":{"start":{"line":102,"column":31},"end":{"line":102,"column":94}},"type":"cond-expr","locations":[{"start":{"line":102,"column":53},"end":{"line":102,"column":56}},{"start":{"line":102,"column":59},"end":{"line":102,"column":94}}]},"1":{"loc":{"start":{"line":102,"column":59},"end":{"line":102,"column":94}},"type":"cond-expr","locations":[{"start":{"line":102,"column":84},"end":{"line":102,"column":88}},{"start":{"line":102,"column":91},"end":{"line":102,"column":94}}]},"2":{"loc":{"start":{"line":103,"column":163},"end":{"line":103,"column":191}},"type":"cond-expr","locations":[{"start":{"line":103,"column":183},"end":{"line":103,"column":186}},{"start":{"line":103,"column":189},"end":{"line":103,"column":191}}]},"3":{"loc":{"start":{"line":105,"column":12},"end":{"line":105,"column":54}},"type":"if","locations":[{"start":{"line":105,"column":12},"end":{"line":105,"column":54}},{"start":{},"end":{}}]},"4":{"loc":{"start":{"line":106,"column":12},"end":{"line":106,"column":59}},"type":"if","locations":[{"start":{"line":106,"column":12},"end":{"line":106,"column":59}},{"start":{},"end":{}}]},"5":{"loc":{"start":{"line":128,"column":12},"end":{"line":128,"column":54}},"type":"if","locations":[{"start":{"line":128,"column":12},"end":{"line":128,"column":54}},{"start":{},"end":{}}]},"6":{"loc":{"start":{"line":129,"column":12},"end":{"line":129,"column":59}},"type":"if","locations":[{"start":{"line":129,"column":12},"end":{"line":129,"column":59}},{"start":{},"end":{}}]},"7":{"loc":{"start":{"line":133,"column":8},"end":{"line":142,"column":9}},"type":"if","locations":[{"start":{"line":133,"column":8},"end":{"line":142,"column":9}},{"start":{"line":137,"column":15},"end":{"line":142,"column":9}}]},"8":{"loc":{"start":{"line":137,"column":15},"end":{"line":142,"column":9}},"type":"if","locations":[{"start":{"line":137,"column":15},"end":{"line":142,"column":9}},{"start":{"line":140,"column":15},"end":{"line":142,"column":9}}]},"9":{"loc":{"start":{"line":157,"column":24},"end":{"line":157,"column":78}},"type":"cond-expr","locations":[{"start":{"line":157,"column":42},"end":{"line":157,"column":74}},{"start":{"line":157,"column":77},"end":{"line":157,"column":78}}]},"10":{"loc":{"start":{"line":161,"column":4},"end":{"line":165,"column":5}},"type":"if","locations":[{"start":{"line":161,"column":4},"end":{"line":165,"column":5}},{"start":{"line":163,"column":10},"end":{"line":165,"column":5}}]},"11":{"loc":{"start":{"line":161,"column":8},"end":{"line":161,"column":62}},"type":"binary-expr","locations":[{"start":{"line":161,"column":8},"end":{"line":161,"column":33}},{"start":{"line":161,"column":37},"end":{"line":161,"column":62}}]},"12":{"loc":{"start":{"line":163,"column":10},"end":{"line":165,"column":5}},"type":"if","locations":[{"start":{"line":163,"column":10},"end":{"line":165,"column":5}},{"start":{},"end":{}}]},"13":{"loc":{"start":{"line":184,"column":35},"end":{"line":184,"column":59}},"type":"binary-expr","locations":[{"start":{"line":184,"column":35},"end":{"line":184,"column":54}},{"start":{"line":184,"column":58},"end":{"line":184,"column":59}}]},"14":{"loc":{"start":{"line":192,"column":35},"end":{"line":192,"column":59}},"type":"binary-expr","locations":[{"start":{"line":192,"column":35},"end":{"line":192,"column":54}},{"start":{"line":192,"column":58},"end":{"line":192,"column":59}}]},"15":{"loc":{"start":{"line":195,"column":24},"end":{"line":195,"column":78}},"type":"cond-expr","locations":[{"start":{"line":195,"column":42},"end":{"line":195,"column":74}},{"start":{"line":195,"column":77},"end":{"line":195,"column":78}}]},"16":{"loc":{"start":{"line":198,"column":4},"end":{"line":202,"column":5}},"type":"if","locations":[{"start":{"line":198,"column":4},"end":{"line":202,"column":5}},{"start":{"line":200,"column":11},"end":{"line":202,"column":5}}]},"17":{"loc":{"start":{"line":200,"column":11},"end":{"line":202,"column":5}},"type":"if","locations":[{"start":{"line":200,"column":11},"end":{"line":202,"column":5}},{"start":{},"end":{}}]},"18":{"loc":{"start":{"line":242,"column":28},"end":{"line":242,"column":55}},"type":"binary-expr","locations":[{"start":{"line":242,"column":28},"end":{"line":242,"column":50}},{"start":{"line":242,"column":54},"end":{"line":242,"column":55}}]},"19":{"loc":{"start":{"line":244,"column":28},"end":{"line":244,"column":82}},"type":"cond-expr","locations":[{"start":{"line":244,"column":46},"end":{"line":244,"column":78}},{"start":{"line":244,"column":81},"end":{"line":244,"column":82}}]},"20":{"loc":{"start":{"line":247,"column":8},"end":{"line":251,"column":9}},"type":"if","locations":[{"start":{"line":247,"column":8},"end":{"line":251,"column":9}},{"start":{"line":249,"column":15},"end":{"line":251,"column":9}}]},"21":{"loc":{"start":{"line":249,"column":15},"end":{"line":251,"column":9}},"type":"if","locations":[{"start":{"line":249,"column":15},"end":{"line":251,"column":9}},{"start":{},"end":{}}]},"22":{"loc":{"start":{"line":294,"column":28},"end":{"line":294,"column":55}},"type":"binary-expr","locations":[{"start":{"line":294,"column":28},"end":{"line":294,"column":50}},{"start":{"line":294,"column":54},"end":{"line":294,"column":55}}]},"23":{"loc":{"start":{"line":296,"column":28},"end":{"line":296,"column":82}},"type":"cond-expr","locations":[{"start":{"line":296,"column":46},"end":{"line":296,"column":78}},{"start":{"line":296,"column":81},"end":{"line":296,"column":82}}]},"24":{"loc":{"start":{"line":299,"column":8},"end":{"line":303,"column":9}},"type":"if","locations":[{"start":{"line":299,"column":8},"end":{"line":303,"column":9}},{"start":{"line":301,"column":15},"end":{"line":303,"column":9}}]},"25":{"loc":{"start":{"line":301,"column":15},"end":{"line":303,"column":9}},"type":"if","locations":[{"start":{"line":301,"column":15},"end":{"line":303,"column":9}},{"start":{},"end":{}}]}},"s":{"0":5,"1":5,"2":5,"3":5,"4":5,"5":5,"6":5,"7":5,"8":5,"9":5,"10":5,"11":5,"12":5,"13":5,"14":5,"15":5,"16":5,"17":5,"18":5,"19":5,"20":5,"21":5,"22":5,"23":2,"24":2,"25":2,"26":2,"27":2,"28":2,"29":2,"30":2,"31":2,"32":2,"33":2,"34":2,"35":2,"36":2,"37":2,"38":2,"39":2,"40":2,"41":2,"42":2,"43":2,"44":2,"45":2,"46":2,"47":2,"48":2,"49":2,"50":2,"51":2,"52":2,"53":2,"54":2,"55":2,"56":2,"57":18,"58":18,"59":18,"60":0,"61":18,"62":0,"63":2,"64":2,"65":2,"66":2,"67":2,"68":2,"69":2,"70":2,"71":2,"72":2,"73":2,"74":10,"75":0,"76":10,"77":0,"78":2,"79":2,"80":0,"81":0,"82":0,"83":2,"84":0,"85":0,"86":2,"87":2,"88":0,"89":0,"90":18,"91":18,"92":18,"93":18,"94":0,"95":18,"96":0,"97":18,"98":2,"99":2,"100":2,"101":2,"102":2,"103":2,"104":2,"105":2,"106":0,"107":2,"108":0,"109":2,"110":2,"111":2,"112":2,"113":2,"114":4,"115":2,"116":4,"117":2,"118":4,"119":4,"120":4,"121":4,"122":4,"123":0,"124":4,"125":0,"126":4,"127":2,"128":2,"129":2,"130":2,"131":2,"132":4,"133":2,"134":4,"135":2,"136":4,"137":4,"138":4,"139":4,"140":4,"141":0,"142":4,"143":0,"144":4,"145":2},"f":{"0":2,"1":18,"2":10,"3":18,"4":2,"5":2,"6":4,"7":4,"8":2,"9":4,"10":4},"b":{"0":[18,0],"1":[0,0],"2":[18,0],"3":[0,18],"4":[0,18],"5":[0,10],"6":[0,10],"7":[0,2],"8":[0,2],"9":[18,0],"10":[0,18],"11":[18,18],"12":[0,18],"13":[2,0],"14":[2,0],"15":[2,0],"16":[0,2],"17":[0,2],"18":[4,0],"19":[4,0],"20":[0,4],"21":[0,4],"22":[4,0],"23":[4,0],"24":[0,4],"25":[0,4]}}
,"C:\\Users\\apham\\Assignment4\\src\\utilities\\dateUtils.ts": {"path":"C:\\Users\\apham\\Assignment4\\src\\utilities\\dateUtils.ts","statementMap":{"0":{"start":{"line":4,"column":0},"end":{"line":4,"column":16}},"1":{"start":{"line":16,"column":0},"end":{"line":16,"column":16}},"2":{"start":{"line":5,"column":4},"end":{"line":5,"column":27}},"3":{"start":{"line":5,"column":15},"end":{"line":5,"column":27}},"4":{"start":{"line":7,"column":17},"end":{"line":7,"column":35}},"5":{"start":{"line":8,"column":18},"end":{"line":8,"column":62}},"6":{"start":{"line":9,"column":16},"end":{"line":9,"column":55}},"7":{"start":{"line":10,"column":4},"end":{"line":10,"column":45}},"8":{"start":{"line":17,"column":4},"end":{"line":17,"column":27}},"9":{"start":{"line":17,"column":18},"end":{"line":17,"column":27}},"10":{"start":{"line":19,"column":21},"end":{"line":19,"column":60}},"11":{"start":{"line":20,"column":21},"end":{"line":20,"column":64}},"12":{"start":{"line":21,"column":4},"end":{"line":21,"column":20}}},"fnMap":{"0":{"name":"getDateKey","decl":{"start":{"line":4,"column":16},"end":{"line":4,"column":26}},"loc":{"start":{"line":4,"column":44},"end":{"line":11,"column":1}}},"1":{"name":"getDaysBetween","decl":{"start":{"line":16,"column":16},"end":{"line":16,"column":30}},"loc":{"start":{"line":16,"column":68},"end":{"line":22,"column":1}}}},"branchMap":{"0":{"loc":{"start":{"line":5,"column":4},"end":{"line":5,"column":27}},"type":"if","locations":[{"start":{"line":5,"column":4},"end":{"line":5,"column":27}},{"start":{},"end":{}}]},"1":{"loc":{"start":{"line":17,"column":4},"end":{"line":17,"column":27}},"type":"if","locations":[{"start":{"line":17,"column":4},"end":{"line":17,"column":27}},{"start":{},"end":{}}]}},"s":{"0":2,"1":2,"2":96264,"3":366,"4":95898,"5":95898,"6":95898,"7":95898,"8":32088,"9":366,"10":31722,"11":31722,"12":31722},"f":{"0":96264,"1":32088},"b":{"0":[366,95898],"1":[366,31722]}}
}
