TN:
SF:src\data-source.ts
FNF:0
FNH:0
DA:1,5
DA:2,5
DA:4,5
DA:5,5
DA:6,5
DA:7,5
DA:8,5
DA:9,5
DA:10,5
DA:11,5
DA:12,5
DA:13,5
DA:14,5
DA:15,5
DA:16,5
DA:17,5
DA:18,5
DA:21,5
LF:18
LH:18
BRF:0
BRH:0
end_of_record
TN:
SF:src\data-target.ts
FNF:0
FNH:0
DA:1,5
DA:2,5
DA:4,5
DA:5,5
DA:6,5
DA:7,5
DA:8,5
DA:9,5
DA:10,5
DA:11,5
DA:12,5
DA:13,5
DA:14,5
DA:15,5
DA:17,5
LF:15
LH:15
BRF:0
BRH:0
end_of_record
TN:
SF:src\index.ts
FN:49,fullLoad
FN:52,(anonymous_1)
FN:89,main
FNF:3
FNH:0
FNDA:0,fullLoad
FNDA:0,(anonymous_1)
FNDA:0,main
DA:1,0
DA:2,0
DA:5,0
DA:6,0
DA:7,0
DA:8,0
DA:9,0
DA:10,0
DA:12,0
DA:13,0
DA:15,0
DA:16,0
DA:18,0
DA:20,0
DA:21,0
DA:22,0
DA:50,0
DA:51,0
DA:52,0
DA:53,0
DA:56,0
DA:57,0
DA:58,0
DA:59,0
DA:60,0
DA:61,0
DA:62,0
DA:65,0
DA:66,0
DA:67,0
DA:70,0
DA:71,0
DA:72,0
DA:74,0
DA:77,0
DA:79,0
DA:81,0
DA:83,0
DA:84,0
DA:85,0
DA:91,0
DA:92,0
DA:94,0
DA:95,0
DA:97,0
DA:98,0
DA:131,0
DA:133,0
DA:135,0
DA:136,0
DA:138,0
DA:139,0
DA:141,0
DA:142,0
DA:144,0
DA:145,0
DA:147,0
DA:148,0
DA:150,0
DA:151,0
DA:152,0
DA:153,0
DA:154,0
DA:158,0
DA:159,0
DA:162,0
DA:163,0
DA:164,0
DA:165,0
DA:181,0
LF:70
LH:0
BRDA:133,0,0,0
BRDA:133,0,1,0
BRDA:133,0,2,0
BRDA:133,0,3,0
BRDA:133,0,4,0
BRDA:133,0,5,0
BRF:6
BRH:0
end_of_record
TN:
SF:src\entity\User.ts
FNF:0
FNH:0
DA:1,0
DA:4,0
DA:7,0
DA:10,0
DA:13,0
DA:16,0
LF:6
LH:0
BRF:0
BRH:0
end_of_record
TN:
SF:src\entity\source\Actor.ts
FNF:0
FNH:0
DA:1,5
DA:4,5
DA:6,5
DA:9,5
DA:12,5
DA:15,5
LF:6
LH:6
BRF:0
BRH:0
end_of_record
TN:
SF:src\entity\source\Address.ts
FN:20,(anonymous_2)
FNF:1
FNH:1
FNDA:5,(anonymous_2)
DA:1,5
DA:2,5
DA:5,5
DA:7,5
DA:10,5
DA:13,5
DA:16,5
DA:19,5
DA:20,5
DA:22,5
DA:25,5
DA:28,5
DA:31,5
LF:13
LH:13
BRF:0
BRH:0
end_of_record
TN:
SF:src\entity\source\Category.ts
FNF:0
FNH:0
DA:1,5
DA:4,5
DA:6,5
DA:9,5
DA:12,5
LF:5
LH:5
BRF:0
BRH:0
end_of_record
TN:
SF:src\entity\source\City.ts
FN:14,(anonymous_2)
FNF:1
FNH:1
FNDA:5,(anonymous_2)
DA:1,5
DA:2,5
DA:5,5
DA:7,5
DA:10,5
DA:13,5
DA:14,5
DA:16,5
DA:19,5
LF:9
LH:9
BRF:0
BRH:0
end_of_record
TN:
SF:src\entity\source\Country.ts
FNF:0
FNH:0
DA:1,5
DA:4,5
DA:6,5
DA:9,5
DA:12,5
LF:5
LH:5
BRF:0
BRH:0
end_of_record
TN:
SF:src\entity\source\Customer.ts
FN:23,(anonymous_2)
FNF:1
FNH:1
FNDA:5,(anonymous_2)
DA:1,5
DA:2,5
DA:5,5
DA:7,5
DA:10,5
DA:13,5
DA:16,5
DA:19,5
DA:22,5
DA:23,5
DA:25,5
DA:28,5
DA:31,5
DA:34,5
LF:14
LH:14
BRF:0
BRH:0
end_of_record
TN:
SF:src\entity\source\Film.ts
FN:20,(anonymous_2)
FNF:1
FNH:1
FNDA:5,(anonymous_2)
DA:1,5
DA:2,5
DA:5,5
DA:7,5
DA:10,5
DA:13,5
DA:16,5
DA:19,5
DA:20,5
DA:22,5
DA:25,5
DA:28,5
DA:31,5
DA:34,5
DA:37,5
DA:43,5
DA:49,5
DA:52,5
LF:18
LH:18
BRF:0
BRH:0
end_of_record
TN:
SF:src\entity\source\FilmActor.ts
FNF:0
FNH:0
DA:1,5
DA:4,5
DA:6,5
DA:9,5
DA:12,5
LF:5
LH:5
BRF:0
BRH:0
end_of_record
TN:
SF:src\entity\source\FilmCategory.ts
FNF:0
FNH:0
DA:1,5
DA:4,5
DA:6,5
DA:9,5
DA:12,5
LF:5
LH:5
BRF:0
BRH:0
end_of_record
TN:
SF:src\entity\source\Inventory.ts
FNF:0
FNH:0
DA:1,5
DA:4,5
DA:6,5
DA:9,5
DA:12,5
DA:15,5
LF:6
LH:6
BRF:0
BRH:0
end_of_record
TN:
SF:src\entity\source\Language.ts
FNF:0
FNH:0
DA:1,5
DA:4,5
DA:6,5
DA:9,5
DA:12,5
LF:5
LH:5
BRF:0
BRH:0
end_of_record
TN:
SF:src\entity\source\Payment.ts
FNF:0
FNH:0
DA:1,5
DA:4,5
DA:6,5
DA:9,5
DA:12,5
DA:15,5
DA:18,5
DA:21,5
DA:24,5
LF:9
LH:9
BRF:0
BRH:0
end_of_record
TN:
SF:src\entity\source\Rental.ts
FNF:0
FNH:0
DA:1,5
DA:4,5
DA:6,5
DA:9,5
DA:12,5
DA:15,5
DA:18,5
DA:21,5
DA:24,5
LF:9
LH:9
BRF:0
BRH:0
end_of_record
TN:
SF:src\entity\source\Staff.ts
FNF:0
FNH:0
DA:1,5
DA:4,5
DA:6,5
DA:9,5
DA:12,5
DA:15,5
DA:18,5
DA:21,5
DA:24,5
DA:27,5
DA:30,5
DA:33,5
DA:36,5
LF:13
LH:13
BRF:0
BRH:0
end_of_record
TN:
SF:src\entity\source\Store.ts
FN:14,(anonymous_2)
FNF:1
FNH:1
FNDA:5,(anonymous_2)
DA:1,5
DA:2,5
DA:5,5
DA:7,5
DA:10,5
DA:13,5
DA:14,5
DA:16,5
DA:19,5
LF:9
LH:9
BRF:0
BRH:0
end_of_record
TN:
SF:src\entity\target\BridgeFilmActor.ts
FNF:0
FNH:0
DA:1,5
DA:4,5
DA:6,5
DA:9,5
LF:4
LH:4
BRF:0
BRH:0
end_of_record
TN:
SF:src\entity\target\BridgeFilmCategory.ts
FNF:0
FNH:0
DA:1,5
DA:4,5
DA:6,5
DA:9,5
LF:4
LH:4
BRF:0
BRH:0
end_of_record
TN:
SF:src\entity\target\DimActor.ts
FNF:0
FNH:0
DA:1,5
DA:4,5
DA:6,5
DA:9,5
DA:12,5
DA:15,5
DA:18,5
LF:7
LH:7
BRF:0
BRH:0
end_of_record
TN:
SF:src\entity\target\DimCategory.ts
FNF:0
FNH:0
DA:1,5
DA:4,5
DA:6,5
DA:9,5
DA:12,5
DA:15,5
LF:6
LH:6
BRF:0
BRH:0
end_of_record
TN:
SF:src\entity\target\DimCustomer.ts
FNF:0
FNH:0
DA:1,5
DA:4,5
DA:6,5
DA:9,5
DA:12,5
DA:15,5
DA:18,5
DA:21,5
DA:24,5
DA:27,5
LF:10
LH:10
BRF:0
BRH:0
end_of_record
TN:
SF:src\entity\target\DimDate.ts
FNF:0
FNH:0
DA:1,5
DA:4,5
DA:6,5
DA:9,5
DA:12,5
DA:15,5
DA:18,5
DA:21,5
DA:24,5
LF:9
LH:9
BRF:0
BRH:0
end_of_record
TN:
SF:src\entity\target\DimFilm.ts
FNF:0
FNH:0
DA:1,5
DA:4,5
DA:6,5
DA:9,5
DA:12,5
DA:15,5
DA:18,5
DA:21,5
DA:24,5
DA:27,5
LF:10
LH:10
BRF:0
BRH:0
end_of_record
TN:
SF:src\entity\target\DimStore.ts
FNF:0
FNH:0
DA:1,5
DA:4,5
DA:6,5
DA:9,5
DA:12,5
DA:15,5
DA:18,5
LF:7
LH:7
BRF:0
BRH:0
end_of_record
TN:
SF:src\entity\target\FactPayment.ts
FNF:0
FNH:0
DA:1,5
DA:4,5
DA:6,5
DA:9,5
DA:12,5
DA:15,5
DA:18,5
DA:21,5
DA:24,5
LF:9
LH:9
BRF:0
BRH:0
end_of_record
TN:
SF:src\entity\target\FactRental.ts
FNF:0
FNH:0
DA:1,5
DA:4,5
DA:6,5
DA:9,5
DA:12,5
DA:15,5
DA:18,5
DA:21,5
DA:24,5
DA:27,5
DA:30,5
LF:11
LH:11
BRF:0
BRH:0
end_of_record
TN:
SF:src\entity\target\SyncState.ts
FNF:0
FNH:0
DA:1,5
DA:4,5
DA:6,5
DA:9,5
DA:12,5
LF:5
LH:5
BRF:0
BRH:0
end_of_record
TN:
SF:src\load\loadBridgeFilmActor.ts
FN:8,loadBridgeFilmActor
FN:24,(anonymous_1)
FN:29,(anonymous_2)
FN:34,(anonymous_3)
FN:38,(anonymous_4)
FN:39,(anonymous_5)
FN:55,(anonymous_6)
FN:75,(anonymous_7)
FNF:8
FNH:8
FNDA:2,loadBridgeFilmActor
FNDA:10,(anonymous_1)
FNDA:10,(anonymous_2)
FNDA:10,(anonymous_3)
FNDA:2000,(anonymous_4)
FNDA:405,(anonymous_5)
FNDA:10924,(anonymous_6)
FNDA:10924,(anonymous_7)
DA:1,2
DA:2,2
DA:3,2
DA:4,2
DA:5,2
DA:6,2
DA:8,2
DA:9,2
DA:10,2
DA:11,2
DA:12,2
DA:13,2
DA:14,2
DA:15,2
DA:18,2
DA:19,2
DA:20,2
DA:21,2
DA:23,2
DA:24,2
DA:25,10
DA:28,2
DA:29,2
DA:30,10
DA:33,2
DA:34,2
DA:35,10
DA:38,2000
DA:39,405
DA:41,2
DA:42,2
DA:43,2
DA:45,2
DA:46,2
DA:47,2
DA:48,2
DA:50,2
DA:51,2
DA:52,2
DA:54,2
DA:56,10924
DA:57,10924
DA:59,10924
DA:60,0
DA:62,10924
DA:63,0
DA:66,10924
DA:67,10924
DA:68,10924
DA:73,0
DA:75,10924
DA:77,2
DA:78,2
DA:79,2
DA:80,2
DA:81,2
DA:83,2
DA:85,2
DA:86,2
DA:87,2
LF:60
LH:57
BRDA:59,0,0,0
BRDA:59,0,1,10924
BRDA:62,1,0,0
BRDA:62,1,1,10924
BRDA:66,2,0,10924
BRDA:66,2,1,0
BRDA:66,3,0,10924
BRDA:66,3,1,10924
BRDA:83,4,0,2
BRDA:83,4,1,0
BRF:10
BRH:6
end_of_record
TN:
SF:src\load\loadBridgeFilmCategory.ts
FN:8,loadBridgeFilmCategory
FN:16,(anonymous_1)
FN:17,(anonymous_2)
FN:19,(anonymous_3)
FN:31,(anonymous_4)
FNF:5
FNH:5
FNDA:2,loadBridgeFilmCategory
FNDA:2000,(anonymous_1)
FNDA:32,(anonymous_2)
FNDA:2000,(anonymous_3)
FNDA:2000,(anonymous_4)
DA:1,2
DA:2,2
DA:3,2
DA:4,2
DA:5,2
DA:6,2
DA:8,2
DA:9,2
DA:10,2
DA:11,2
DA:12,2
DA:13,2
DA:14,2
DA:15,2
DA:16,2000
DA:17,32
DA:18,2
DA:20,2000
DA:21,2000
DA:23,2000
DA:24,2000
DA:29,0
DA:31,2000
DA:32,2
DA:33,2
DA:34,2
LF:26
LH:25
BRDA:23,0,0,2000
BRDA:23,0,1,0
BRDA:23,1,0,2000
BRDA:23,1,1,2000
BRDA:32,2,0,2
BRDA:32,2,1,0
BRF:6
BRH:4
end_of_record
TN:
SF:src\load\loadDimActor.ts
FN:6,loadDimActor
FN:26,(anonymous_1)
FNF:2
FNH:2
FNDA:5,loadDimActor
FNDA:809,(anonymous_1)
DA:1,3
DA:2,3
DA:3,3
DA:4,3
DA:6,3
DA:7,5
DA:8,5
DA:10,5
DA:12,5
DA:13,1
DA:14,1
DA:16,4
DA:19,5
DA:21,5
DA:22,0
DA:23,0
DA:26,809
DA:33,5
DA:34,5
LF:19
LH:17
BRDA:6,0,0,4
BRDA:12,1,0,1
BRDA:12,1,1,4
BRDA:21,2,0,0
BRDA:21,2,1,5
BRF:5
BRH:4
end_of_record
TN:
SF:src\load\loadDimCategory.ts
FN:6,loadDimCategory
FN:27,(anonymous_1)
FNF:2
FNH:2
FNDA:2,loadDimCategory
FNDA:32,(anonymous_1)
DA:1,2
DA:2,2
DA:3,2
DA:4,2
DA:6,2
DA:7,2
DA:8,2
DA:11,2
DA:13,2
DA:14,0
DA:15,0
DA:17,2
DA:20,2
DA:22,2
DA:23,0
DA:24,0
DA:27,32
DA:34,2
DA:35,2
LF:19
LH:15
BRDA:6,0,0,2
BRDA:13,1,0,0
BRDA:13,1,1,2
BRDA:22,2,0,0
BRDA:22,2,1,2
BRF:5
BRH:3
end_of_record
TN:
SF:src\load\loadDimCustomer.ts
FN:6,loadDimCustomer
FN:35,(anonymous_1)
FNF:2
FNH:2
FNDA:2,loadDimCustomer
FNDA:1198,(anonymous_1)
DA:1,2
DA:2,2
DA:3,2
DA:4,2
DA:6,2
DA:7,2
DA:8,2
DA:15,2
DA:21,2
DA:22,0
DA:23,0
DA:25,2
DA:28,2
DA:30,2
DA:31,0
DA:32,0
DA:35,1198
DA:45,2
DA:46,2
LF:19
LH:15
BRDA:6,0,0,2
BRDA:21,1,0,0
BRDA:21,1,1,2
BRDA:30,2,0,0
BRDA:30,2,1,2
BRDA:39,3,0,1168
BRDA:39,3,1,30
BRDA:40,4,0,1198
BRDA:40,4,1,0
BRDA:41,5,0,1198
BRDA:41,5,1,0
BRF:11
BRH:7
end_of_record
TN:
SF:src\load\loadDimDate.ts
FN:4,loadDimDate
FNF:1
FNH:1
FNDA:1,loadDimDate
DA:1,1
DA:2,1
DA:4,1
DA:5,1
DA:6,1
DA:7,1
DA:8,1
DA:9,1
DA:10,7670
DA:11,7670
DA:12,7670
DA:13,7670
DA:14,7670
DA:16,7670
DA:27,1
DA:28,1
DA:29,1
LF:17
LH:17
BRDA:24,0,0,2192
BRDA:24,0,1,5478
BRDA:24,1,0,7670
BRDA:24,1,1,6574
BRDA:27,2,0,1
BRDA:27,2,1,0
BRF:6
BRH:5
end_of_record
TN:
SF:src\load\loadDimFilm.ts
FN:6,loadDimFilm
FN:29,(anonymous_1)
FNF:2
FNH:2
FNDA:5,loadDimFilm
FNDA:4001,(anonymous_1)
DA:1,3
DA:2,3
DA:3,3
DA:4,3
DA:6,3
DA:7,5
DA:8,5
DA:15,5
DA:19,5
DA:20,1
DA:21,1
DA:23,4
DA:26,5
DA:29,4001
DA:40,5
DA:41,5
DA:42,5
LF:17
LH:17
BRDA:6,0,0,4
BRDA:19,1,0,1
BRDA:19,1,1,4
BRDA:40,2,0,5
BRDA:40,2,1,0
BRF:5
BRH:4
end_of_record
TN:
SF:src\load\loadDimStore.ts
FN:6,loadDimStore
FN:37,(anonymous_1)
FNF:2
FNH:2
FNDA:2,loadDimStore
FNDA:4,(anonymous_1)
DA:1,2
DA:2,2
DA:3,2
DA:4,2
DA:6,2
DA:7,2
DA:8,2
DA:17,2
DA:23,2
DA:24,0
DA:25,0
DA:27,2
DA:30,2
DA:32,2
DA:33,0
DA:34,0
DA:37,4
DA:45,2
DA:46,2
LF:19
LH:15
BRDA:6,0,0,2
BRDA:23,1,0,0
BRDA:23,1,1,2
BRDA:32,2,0,0
BRDA:32,2,1,2
BRDA:39,3,0,4
BRDA:39,3,1,0
BRDA:40,4,0,4
BRDA:40,4,1,0
BRF:9
BRH:5
end_of_record
TN:
SF:src\load\loadFactPayment.ts
FN:10,loadFactPayment
FN:36,(anonymous_1)
FN:40,(anonymous_2)
FN:41,(anonymous_3)
FN:43,(anonymous_4)
FN:65,(anonymous_5)
FNF:6
FNH:6
FNDA:2,loadFactPayment
FNDA:4,(anonymous_1)
FNDA:1198,(anonymous_2)
FNDA:4,(anonymous_3)
FNDA:32088,(anonymous_4)
FNDA:32088,(anonymous_5)
DA:1,2
DA:2,2
DA:3,2
DA:4,2
DA:5,2
DA:6,2
DA:7,2
DA:8,2
DA:10,2
DA:11,2
DA:12,2
DA:13,2
DA:14,2
DA:15,2
DA:18,2
DA:20,2
DA:21,0
DA:22,0
DA:24,2
DA:27,2
DA:29,2
DA:30,0
DA:31,0
DA:34,2
DA:35,2
DA:36,4
DA:38,2
DA:39,2
DA:40,1198
DA:41,4
DA:42,2
DA:44,32088
DA:45,32088
DA:47,32088
DA:48,32088
DA:51,32088
DA:53,32088
DA:54,32088
DA:56,32088
DA:65,32088
DA:67,2
DA:68,2
DA:69,2
LF:43
LH:39
BRDA:10,0,0,2
BRDA:20,1,0,0
BRDA:20,1,1,2
BRDA:29,2,0,0
BRDA:29,2,1,2
BRDA:45,3,0,0
BRDA:45,3,1,32088
BRDA:51,4,0,0
BRDA:51,4,1,32088
BRDA:51,5,0,32088
BRDA:51,5,1,32088
BRDA:54,6,0,0
BRDA:54,6,1,32088
BRDA:67,7,0,2
BRDA:67,7,1,0
BRF:15
BRH:9
end_of_record
TN:
SF:src\load\loadFactRental.ts
FN:11,loadFactRental
FN:37,(anonymous_1)
FN:45,(anonymous_2)
FN:46,(anonymous_3)
FN:47,(anonymous_4)
FN:49,(anonymous_5)
FN:76,(anonymous_6)
FNF:7
FNH:7
FNDA:2,loadFactRental
FNDA:9162,(anonymous_1)
FNDA:2000,(anonymous_2)
FNDA:4,(anonymous_3)
FNDA:1198,(anonymous_4)
FNDA:32088,(anonymous_5)
FNDA:32088,(anonymous_6)
DA:1,2
DA:2,2
DA:3,2
DA:4,2
DA:5,2
DA:6,2
DA:7,2
DA:8,2
DA:9,2
DA:11,2
DA:12,2
DA:13,2
DA:14,2
DA:15,2
DA:16,2
DA:17,2
DA:20,2
DA:22,2
DA:23,0
DA:24,0
DA:26,2
DA:28,2
DA:30,2
DA:31,0
DA:32,0
DA:35,2
DA:36,2
DA:37,9162
DA:42,2
DA:43,2
DA:44,2
DA:45,2000
DA:46,4
DA:47,1198
DA:48,2
DA:50,32088
DA:51,32088
DA:53,32088
DA:54,32088
DA:55,32088
DA:57,32088
DA:59,32088
DA:60,32088
DA:61,32088
DA:63,32088
DA:65,32088
DA:76,32088
DA:78,2
DA:79,2
DA:80,2
LF:50
LH:46
BRDA:11,0,0,2
BRDA:22,1,0,0
BRDA:22,1,1,2
BRDA:30,2,0,0
BRDA:30,2,1,2
BRDA:51,3,0,0
BRDA:51,3,1,32088
BRDA:57,4,0,0
BRDA:57,4,1,32088
BRDA:57,5,0,32088
BRDA:57,5,1,32088
BRDA:57,5,2,32088
BRDA:63,6,0,0
BRDA:63,6,1,32088
BRDA:68,7,0,32088
BRDA:68,7,1,366
BRDA:78,8,0,2
BRDA:78,8,1,0
BRF:18
BRH:12
end_of_record
TN:
SF:src\sync\createIndexes.ts
FN:4,createIndexes
FNF:1
FNH:0
FNDA:0,createIndexes
DA:1,0
DA:2,0
DA:4,0
DA:5,0
DA:7,0
DA:8,0
DA:10,0
DA:11,0
DA:14,0
DA:15,0
DA:16,0
DA:17,0
DA:18,0
DA:19,0
DA:20,0
DA:21,0
DA:22,0
DA:23,0
DA:26,0
DA:27,0
DA:34,0
DA:35,0
DA:42,0
DA:43,0
DA:50,0
DA:51,0
DA:55,0
DA:59,0
DA:66,0
DA:67,0
DA:71,0
DA:75,0
DA:82,0
DA:83,0
DA:87,0
DA:91,0
DA:95,0
DA:101,0
DA:104,0
DA:105,0
DA:109,0
DA:113,0
DA:117,0
DA:121,0
DA:125,0
DA:132,0
DA:133,0
DA:137,0
DA:141,0
DA:145,0
DA:151,0
DA:154,0
DA:155,0
DA:159,0
DA:166,0
DA:167,0
DA:171,0
DA:177,0
DA:181,0
DA:182,0
DA:184,0
DA:185,0
DA:188,0
LF:63
LH:0
BRDA:26,0,0,0
BRDA:26,0,1,0
BRDA:34,1,0,0
BRDA:34,1,1,0
BRDA:42,2,0,0
BRDA:42,2,1,0
BRDA:50,3,0,0
BRDA:50,3,1,0
BRDA:66,4,0,0
BRDA:66,4,1,0
BRDA:82,5,0,0
BRDA:82,5,1,0
BRDA:104,6,0,0
BRDA:104,6,1,0
BRDA:132,7,0,0
BRDA:132,7,1,0
BRDA:154,8,0,0
BRDA:154,8,1,0
BRDA:166,9,0,0
BRDA:166,9,1,0
BRDA:181,10,0,0
BRDA:181,10,1,0
BRDA:181,11,0,0
BRDA:181,11,1,0
BRF:24
BRH:0
end_of_record
TN:
SF:src\sync\incrementalSync.ts
FN:17,incrementalSync
FNF:1
FNH:0
FNDA:0,incrementalSync
DA:3,0
DA:4,0
DA:7,0
DA:8,0
DA:9,0
DA:10,0
DA:11,0
DA:12,0
DA:13,0
DA:14,0
DA:15,0
DA:17,0
DA:18,0
DA:19,0
DA:21,0
DA:22,0
DA:24,0
DA:26,0
DA:31,0
DA:33,0
DA:35,0
DA:36,0
DA:38,0
DA:39,0
DA:41,0
DA:42,0
DA:44,0
DA:45,0
DA:47,0
DA:48,0
DA:51,0
DA:55,0
DA:56,0
DA:57,0
DA:58,0
DA:59,0
DA:60,0
DA:62,0
DA:65,0
DA:67,0
DA:68,0
DA:70,0
DA:71,0
DA:73,0
DA:74,0
DA:86,0
DA:87,0
DA:89,0
DA:92,0
DA:93,0
LF:50
LH:0
BRDA:51,0,0,0
BRDA:51,0,1,0
BRDA:51,0,2,0
BRDA:55,1,0,0
BRDA:55,1,1,0
BRDA:55,2,0,0
BRDA:55,2,1,0
BRF:7
BRH:0
end_of_record
TN:
SF:src\sync\initAnalytics.ts
FN:5,initAnalytics
FNF:1
FNH:1
FNDA:1,initAnalytics
DA:1,1
DA:2,1
DA:3,1
DA:5,1
DA:6,1
DA:8,1
DA:9,1
DA:10,1
DA:11,1
DA:13,1
DA:15,1
DA:16,1
DA:17,1
DA:20,1
DA:21,1
DA:22,1
DA:24,1
DA:25,1
DA:26,1
DA:28,1
DA:29,1
DA:30,1
DA:31,1
DA:33,1
DA:34,1
DA:35,1
DA:36,1
DA:37,1
DA:40,0
DA:41,0
DA:42,0
DA:43,0
DA:44,0
LF:33
LH:28
BRDA:10,0,0,1
BRDA:10,0,1,0
BRDA:16,1,0,1
BRDA:16,1,1,0
BRF:4
BRH:2
end_of_record
TN:
SF:src\sync\syncStateManager.ts
FN:4,(anonymous_0)
FN:8,(anonymous_1)
FN:17,(anonymous_2)
FN:29,(anonymous_3)
FN:38,(anonymous_4)
FN:41,(anonymous_5)
FN:49,(anonymous_6)
FN:50,(anonymous_7)
FNF:8
FNH:3
FNDA:2,(anonymous_0)
FNDA:2,(anonymous_1)
FNDA:2,(anonymous_2)
FNDA:0,(anonymous_3)
FNDA:0,(anonymous_4)
FNDA:0,(anonymous_5)
FNDA:0,(anonymous_6)
FNDA:0,(anonymous_7)
DA:1,2
DA:2,2
DA:4,2
DA:5,2
DA:9,2
DA:13,2
DA:18,2
DA:30,0
DA:35,0
DA:38,0
DA:41,0
DA:42,0
DA:45,0
DA:50,0
DA:56,0
DA:57,0
LF:16
LH:7
BRDA:13,0,0,2
BRDA:13,0,1,0
BRDA:56,1,0,0
BRDA:56,1,1,0
BRF:4
BRH:1
end_of_record
TN:
SF:src\sync\validateData.ts
FN:42,validateData
FN:101,(anonymous_1)
FN:127,(anonymous_2)
FN:151,createValidationResult
FN:177,validatePaymentTotals
FN:214,validateRentalsPerStore
FN:237,(anonymous_6)
FN:238,(anonymous_7)
FN:266,validatePaymentsPerStore
FN:289,(anonymous_9)
FN:290,(anonymous_10)
FNF:11
FNH:11
FNDA:2,validateData
FNDA:18,(anonymous_1)
FNDA:10,(anonymous_2)
FNDA:18,createValidationResult
FNDA:2,validatePaymentTotals
FNDA:2,validateRentalsPerStore
FNDA:4,(anonymous_6)
FNDA:4,(anonymous_7)
FNDA:2,validatePaymentsPerStore
FNDA:4,(anonymous_9)
FNDA:4,(anonymous_10)
DA:1,5
DA:2,5
DA:3,5
DA:4,5
DA:5,5
DA:6,5
DA:7,5
DA:8,5
DA:9,5
DA:10,5
DA:11,5
DA:12,5
DA:13,5
DA:14,5
DA:15,5
DA:16,5
DA:17,5
DA:18,5
DA:19,5
DA:20,5
DA:21,5
DA:22,5
DA:42,5
DA:43,2
DA:45,2
DA:46,2
DA:47,2
DA:48,2
DA:50,2
DA:55,2
DA:56,2
DA:57,2
DA:60,2
DA:61,2
DA:62,2
DA:65,2
DA:66,2
DA:67,2
DA:70,2
DA:71,2
DA:72,2
DA:75,2
DA:76,2
DA:77,2
DA:80,2
DA:81,2
DA:82,2
DA:85,2
DA:86,2
DA:87,2
DA:90,2
DA:91,2
DA:92,2
DA:95,2
DA:96,2
DA:97,2
DA:101,2
DA:102,18
DA:103,18
DA:105,18
DA:106,18
DA:110,2
DA:111,2
DA:114,2
DA:115,2
DA:118,2
DA:119,2
DA:122,2
DA:123,2
DA:125,2
DA:126,2
DA:127,2
DA:128,10
DA:129,10
DA:132,2
DA:133,2
DA:134,0
DA:135,0
DA:136,0
DA:137,2
DA:138,0
DA:139,0
DA:141,2
DA:143,2
DA:146,0
DA:147,0
DA:156,18
DA:157,18
DA:159,18
DA:161,18
DA:162,0
DA:163,18
DA:164,0
DA:167,18
DA:179,2
DA:184,2
DA:187,2
DA:192,2
DA:194,2
DA:195,2
DA:197,2
DA:198,2
DA:199,0
DA:200,2
DA:201,0
DA:204,2
DA:215,2
DA:218,2
DA:228,2
DA:237,4
DA:238,4
DA:241,2
DA:242,4
DA:243,4
DA:244,4
DA:246,4
DA:247,4
DA:248,0
DA:249,4
DA:250,0
DA:253,4
DA:263,2
DA:267,2
DA:270,2
DA:280,2
DA:289,4
DA:290,4
DA:293,2
DA:294,4
DA:295,4
DA:296,4
DA:298,4
DA:299,4
DA:300,0
DA:301,4
DA:302,0
DA:305,4
DA:315,2
LF:138
LH:123
BRDA:102,0,0,18
BRDA:102,0,1,0
BRDA:102,1,0,0
BRDA:102,1,1,0
BRDA:103,2,0,18
BRDA:103,2,1,0
BRDA:105,3,0,0
BRDA:105,3,1,18
BRDA:106,4,0,0
BRDA:106,4,1,18
BRDA:128,5,0,0
BRDA:128,5,1,10
BRDA:129,6,0,0
BRDA:129,6,1,10
BRDA:133,7,0,0
BRDA:133,7,1,2
BRDA:137,8,0,0
BRDA:137,8,1,2
BRDA:157,9,0,18
BRDA:157,9,1,0
BRDA:161,10,0,0
BRDA:161,10,1,18
BRDA:161,11,0,18
BRDA:161,11,1,18
BRDA:163,12,0,0
BRDA:163,12,1,18
BRDA:184,13,0,2
BRDA:184,13,1,0
BRDA:192,14,0,2
BRDA:192,14,1,0
BRDA:195,15,0,2
BRDA:195,15,1,0
BRDA:198,16,0,0
BRDA:198,16,1,2
BRDA:200,17,0,0
BRDA:200,17,1,2
BRDA:242,18,0,4
BRDA:242,18,1,0
BRDA:244,19,0,4
BRDA:244,19,1,0
BRDA:247,20,0,0
BRDA:247,20,1,4
BRDA:249,21,0,0
BRDA:249,21,1,4
BRDA:294,22,0,4
BRDA:294,22,1,0
BRDA:296,23,0,4
BRDA:296,23,1,0
BRDA:299,24,0,0
BRDA:299,24,1,4
BRDA:301,25,0,0
BRDA:301,25,1,4
BRF:52
BRH:26
end_of_record
TN:
SF:src\utilities\dateUtils.ts
FN:4,getDateKey
FN:16,getDaysBetween
FNF:2
FNH:2
FNDA:96264,getDateKey
FNDA:32088,getDaysBetween
DA:4,2
DA:5,96264
DA:7,95898
DA:8,95898
DA:9,95898
DA:10,95898
DA:16,2
DA:17,32088
DA:19,31722
DA:20,31722
DA:21,31722
LF:11
LH:11
BRDA:5,0,0,366
BRDA:5,0,1,95898
BRDA:17,1,0,366
BRDA:17,1,1,31722
BRF:4
BRH:4
end_of_record
